<?xml version="1.0" encoding="UTF-8"?>
<coverage generated="1764256710372" clover="3.2.0">
  <project timestamp="1764256710372" name="All files">
    <metrics statements="329" coveredstatements="307" conditionals="218" coveredconditionals="202" methods="58" coveredmethods="57" elements="605" coveredelements="566" complexity="0" loc="329" ncloc="329" packages="3" files="3" classes="3"/>
    <package name="api">
      <metrics statements="95" coveredstatements="95" conditionals="83" coveredconditionals="80" methods="20" coveredmethods="20"/>
      <file name="ApiClient.js" path="/home/runner/work/SCCCCMembershipManagement/SCCCCMembershipManagement/src/common/api/ApiClient.js">
        <metrics statements="95" coveredstatements="95" conditionals="83" coveredconditionals="80" methods="20" coveredmethods="20"/>
        <line num="24" count="1" type="cond" truecount="1" falsecount="1"/>
        <line num="25" count="1" type="cond" truecount="1" falsecount="1"/>
        <line num="56" count="1" type="stmt"/>
        <line num="64" count="5" type="stmt"/>
        <line num="68" count="5" type="cond" truecount="2" falsecount="0"/>
        <line num="69" count="1" type="stmt"/>
        <line num="71" count="5" type="stmt"/>
        <line num="82" count="8" type="stmt"/>
        <line num="87" count="8" type="cond" truecount="2" falsecount="0"/>
        <line num="88" count="1" type="stmt"/>
        <line num="90" count="8" type="stmt"/>
        <line num="99" count="17" type="cond" truecount="4" falsecount="0"/>
        <line num="100" count="4" type="stmt"/>
        <line num="102" count="13" type="cond" truecount="4" falsecount="0"/>
        <line num="103" count="2" type="stmt"/>
        <line num="105" count="11" type="cond" truecount="2" falsecount="0"/>
        <line num="106" count="2" type="stmt"/>
        <line num="108" count="9" type="stmt"/>
        <line num="118" count="5" type="stmt"/>
        <line num="120" count="5" type="stmt"/>
        <line num="121" count="8" type="cond" truecount="5" falsecount="0"/>
        <line num="122" count="4" type="stmt"/>
        <line num="126" count="5" type="cond" truecount="2" falsecount="0"/>
        <line num="127" count="3" type="stmt"/>
        <line num="130" count="2" type="stmt"/>
        <line num="140" count="12" type="cond" truecount="4" falsecount="0"/>
        <line num="141" count="2" type="stmt"/>
        <line num="143" count="10" type="stmt"/>
        <line num="144" count="10" type="cond" truecount="2" falsecount="0"/>
        <line num="145" count="3" type="stmt"/>
        <line num="147" count="7" type="stmt"/>
        <line num="157" count="7" type="stmt"/>
        <line num="159" count="7" type="cond" truecount="2" falsecount="0"/>
        <line num="160" count="8" type="cond" truecount="2" falsecount="0"/>
        <line num="161" count="8" type="cond" truecount="2" falsecount="0"/>
        <line num="162" count="5" type="stmt"/>
        <line num="163" count="3" type="cond" truecount="4" falsecount="0"/>
        <line num="165" count="1" type="cond" truecount="2" falsecount="0"/>
        <line num="167" count="2" type="stmt"/>
        <line num="171" count="7" type="stmt"/>
        <line num="181" count="10" type="stmt"/>
        <line num="193" count="110" type="stmt"/>
        <line num="194" count="110" type="stmt"/>
        <line num="195" count="110" type="stmt"/>
        <line num="204" count="10" type="stmt"/>
        <line num="213" count="9" type="stmt"/>
        <line num="227" count="4" type="stmt"/>
        <line num="228" count="4" type="cond" truecount="2" falsecount="0"/>
        <line num="229" count="1" type="stmt"/>
        <line num="231" count="3" type="stmt"/>
        <line num="241" count="6" type="stmt"/>
        <line num="243" count="6" type="stmt"/>
        <line num="244" count="17" type="cond" truecount="4" falsecount="0"/>
        <line num="245" count="4" type="stmt"/>
        <line num="247" count="13" type="stmt"/>
        <line num="254" count="7" type="stmt"/>
        <line num="264" count="3" type="stmt"/>
        <line num="269" count="3" type="cond" truecount="2" falsecount="0"/>
        <line num="271" count="1" type="stmt"/>
        <line num="272" count="1" type="stmt"/>
        <line num="274" count="1" type="stmt"/>
        <line num="277" count="3" type="stmt"/>
        <line num="285" count="1" type="stmt"/>
        <line num="302" count="13" type="stmt"/>
        <line num="315" count="8" type="stmt"/>
        <line num="320" count="8" type="stmt"/>
        <line num="322" count="8" type="stmt"/>
        <line num="323" count="8" type="cond" truecount="2" falsecount="0"/>
        <line num="324" count="1" type="stmt"/>
        <line num="330" count="7" type="stmt"/>
        <line num="331" count="7" type="cond" truecount="2" falsecount="0"/>
        <line num="332" count="7" type="stmt"/>
        <line num="335" count="7" type="stmt"/>
        <line num="336" count="7" type="cond" truecount="2" falsecount="0"/>
        <line num="337" count="1" type="stmt"/>
        <line num="347" count="6" type="cond" truecount="2" falsecount="0"/>
        <line num="348" count="3" type="cond" truecount="2" falsecount="0"/>
        <line num="349" count="1" type="stmt"/>
        <line num="359" count="2" type="stmt"/>
        <line num="360" count="2" type="cond" truecount="2" falsecount="0"/>
        <line num="361" count="1" type="stmt"/>
        <line num="371" count="1" type="stmt"/>
        <line num="375" count="4" type="stmt"/>
        <line num="377" count="3" type="stmt"/>
        <line num="380" count="1" type="stmt"/>
        <line num="381" count="1" type="cond" truecount="2" falsecount="0"/>
        <line num="383" count="1" type="stmt"/>
        <line num="402" count="8" type="stmt"/>
        <line num="404" count="8" type="stmt"/>
        <line num="412" count="1" type="stmt"/>
        <line num="413" count="1" type="stmt"/>
        <line num="424" count="5" type="stmt"/>
        <line num="431" count="15" type="stmt"/>
        <line num="436" count="1" type="cond" truecount="3" falsecount="1"/>
        <line num="437" count="1" type="stmt"/>
      </file>
    </package>
    <package name="auth">
      <metrics statements="145" coveredstatements="133" conditionals="79" coveredconditionals="71" methods="23" coveredmethods="23"/>
      <file name="VerificationCode.js" path="/home/runner/work/SCCCCMembershipManagement/SCCCCMembershipManagement/src/common/auth/VerificationCode.js">
        <metrics statements="145" coveredstatements="133" conditionals="79" coveredconditionals="71" methods="23" coveredmethods="23"/>
        <line num="22" count="1" type="cond" truecount="1" falsecount="1"/>
        <line num="23" count="1" type="cond" truecount="1" falsecount="1"/>
        <line num="62" count="1" type="stmt"/>
        <line num="76" count="1" type="stmt"/>
        <line num="87" count="113" type="stmt"/>
        <line num="89" count="113" type="stmt"/>
        <line num="98" count="26" type="cond" truecount="4" falsecount="0"/>
        <line num="99" count="3" type="stmt"/>
        <line num="101" count="23" type="stmt"/>
        <line num="102" count="23" type="cond" truecount="2" falsecount="0"/>
        <line num="103" count="3" type="stmt"/>
        <line num="105" count="20" type="cond" truecount="2" falsecount="0"/>
        <line num="106" count="2" type="stmt"/>
        <line num="108" count="18" type="stmt"/>
        <line num="117" count="27" type="cond" truecount="4" falsecount="0"/>
        <line num="118" count="2" type="stmt"/>
        <line num="120" count="25" type="stmt"/>
        <line num="122" count="25" type="stmt"/>
        <line num="123" count="25" type="cond" truecount="2" falsecount="0"/>
        <line num="124" count="5" type="stmt"/>
        <line num="126" count="20" type="stmt"/>
        <line num="136" count="14" type="stmt"/>
        <line num="146" count="23" type="cond" truecount="2" falsecount="0"/>
        <line num="147" count="3" type="stmt"/>
        <line num="149" count="20" type="stmt"/>
        <line num="150" count="20" type="cond" truecount="2" falsecount="0"/>
        <line num="151" count="1" type="stmt"/>
        <line num="153" count="19" type="stmt"/>
        <line num="163" count="21" type="stmt"/>
        <line num="175" count="12" type="stmt"/>
        <line num="176" count="12" type="stmt"/>
        <line num="178" count="12" type="stmt"/>
        <line num="198" count="15" type="stmt"/>
        <line num="199" count="15" type="cond" truecount="2" falsecount="0"/>
        <line num="200" count="1" type="stmt"/>
        <line num="208" count="14" type="cond" truecount="2" falsecount="0"/>
        <line num="209" count="1" type="stmt"/>
        <line num="217" count="13" type="cond" truecount="2" falsecount="0"/>
        <line num="218" count="2" type="stmt"/>
        <line num="226" count="11" type="cond" truecount="2" falsecount="0"/>
        <line num="227" count="1" type="stmt"/>
        <line num="235" count="10" type="cond" truecount="2" falsecount="0"/>
        <line num="236" count="1" type="stmt"/>
        <line num="244" count="9" type="stmt"/>
        <line num="245" count="9" type="stmt"/>
        <line num="248" count="9" type="cond" truecount="2" falsecount="0"/>
        <line num="249" count="4" type="stmt"/>
        <line num="257" count="5" type="stmt"/>
        <line num="270" count="14" type="stmt"/>
        <line num="273" count="14" type="stmt"/>
        <line num="274" count="9" type="stmt"/>
        <line num="275" count="9" type="cond" truecount="2" falsecount="0"/>
        <line num="278" count="14" type="stmt"/>
        <line num="280" count="14" type="cond" truecount="2" falsecount="0"/>
        <line num="282" count="1" type="stmt"/>
        <line num="283" count="5" type="stmt"/>
        <line num="284" count="4" type="stmt"/>
        <line num="286" count="1" type="stmt"/>
        <line num="290" count="1" type="stmt"/>
        <line num="297" count="13" type="stmt"/>
        <line num="310" count="3" type="stmt"/>
        <line num="311" count="6" type="cond" truecount="2" falsecount="0"/>
        <line num="312" count="5" type="cond" truecount="2" falsecount="0"/>
        <line num="313" count="4" type="cond" truecount="2" falsecount="0"/>
        <line num="314" count="3" type="stmt"/>
        <line num="323" count="3" type="stmt"/>
        <line num="331" count="1" type="stmt"/>
        <line num="346" count="11" type="stmt"/>
        <line num="347" count="11" type="cond" truecount="2" falsecount="0"/>
        <line num="348" count="1" type="stmt"/>
        <line num="351" count="10" type="stmt"/>
        <line num="352" count="10" type="stmt"/>
        <line num="354" count="10" type="stmt"/>
        <line num="356" count="10" type="stmt"/>
        <line num="359" count="10" type="stmt"/>
        <line num="360" count="10" type="cond" truecount="1" falsecount="1"/>
        <line num="361" count="0" type="stmt"/>
        <line num="369" count="10" type="stmt"/>
        <line num="372" count="10" type="stmt"/>
        <line num="375" count="10" type="stmt"/>
        <line num="377" count="10" type="stmt"/>
        <line num="379" count="10" type="stmt"/>
        <line num="381" count="0" type="stmt"/>
        <line num="382" count="0" type="stmt"/>
        <line num="394" count="8" type="stmt"/>
        <line num="395" count="8" type="cond" truecount="2" falsecount="0"/>
        <line num="396" count="1" type="stmt"/>
        <line num="399" count="7" type="stmt"/>
        <line num="400" count="7" type="stmt"/>
        <line num="402" count="7" type="stmt"/>
        <line num="404" count="7" type="stmt"/>
        <line num="407" count="7" type="cond" truecount="4" falsecount="0"/>
        <line num="408" count="6" type="cond" truecount="2" falsecount="0"/>
        <line num="409" count="6" type="stmt"/>
        <line num="413" count="7" type="stmt"/>
        <line num="415" count="7" type="cond" truecount="2" falsecount="0"/>
        <line num="417" count="3" type="stmt"/>
        <line num="418" count="3" type="stmt"/>
        <line num="419" count="3" type="stmt"/>
        <line num="421" count="4" type="stmt"/>
        <line num="424" count="7" type="stmt"/>
        <line num="426" count="0" type="stmt"/>
        <line num="427" count="0" type="stmt"/>
        <line num="439" count="3" type="stmt"/>
        <line num="440" count="3" type="stmt"/>
        <line num="441" count="3" type="stmt"/>
        <line num="443" count="3" type="stmt"/>
        <line num="454" count="3" type="stmt"/>
        <line num="455" count="2" type="stmt"/>
        <line num="457" count="2" type="stmt"/>
        <line num="459" count="1" type="stmt"/>
        <line num="460" count="1" type="stmt"/>
        <line num="473" count="1" type="stmt"/>
        <line num="474" count="1" type="cond" truecount="1" falsecount="1"/>
        <line num="475" count="0" type="stmt"/>
        <line num="479" count="1" type="stmt"/>
        <line num="480" count="1" type="cond" truecount="1" falsecount="1"/>
        <line num="481" count="0" type="stmt"/>
        <line num="485" count="1" type="stmt"/>
        <line num="493" count="2" type="stmt"/>
        <line num="494" count="2" type="stmt"/>
        <line num="496" count="2" type="stmt"/>
        <line num="497" count="2" type="stmt"/>
        <line num="498" count="2" type="stmt"/>
        <line num="499" count="2" type="stmt"/>
        <line num="501" count="0" type="stmt"/>
        <line num="512" count="17" type="stmt"/>
        <line num="514" count="17" type="stmt"/>
        <line num="515" count="17" type="stmt"/>
        <line num="516" count="17" type="stmt"/>
        <line num="518" count="17" type="cond" truecount="2" falsecount="0"/>
        <line num="519" count="10" type="stmt"/>
        <line num="522" count="7" type="stmt"/>
        <line num="524" count="0" type="stmt"/>
        <line num="525" count="0" type="stmt"/>
        <line num="536" count="19" type="stmt"/>
        <line num="538" count="19" type="stmt"/>
        <line num="539" count="19" type="stmt"/>
        <line num="541" count="19" type="stmt"/>
        <line num="543" count="0" type="stmt"/>
        <line num="544" count="0" type="stmt"/>
        <line num="557" count="10" type="stmt"/>
        <line num="558" count="10" type="cond" truecount="1" falsecount="1"/>
        <line num="563" count="1" type="cond" truecount="3" falsecount="1"/>
        <line num="564" count="1" type="stmt"/>
      </file>
    </package>
    <package name="config">
      <metrics statements="89" coveredstatements="79" conditionals="56" coveredconditionals="51" methods="15" coveredmethods="14"/>
      <file name="FeatureFlags.js" path="/home/runner/work/SCCCCMembershipManagement/SCCCCMembershipManagement/src/common/config/FeatureFlags.js">
        <metrics statements="89" coveredstatements="79" conditionals="56" coveredconditionals="51" methods="15" coveredmethods="14"/>
        <line num="18" count="1" type="cond" truecount="1" falsecount="1"/>
        <line num="19" count="1" type="cond" truecount="1" falsecount="1"/>
        <line num="34" count="1" type="stmt"/>
        <line num="41" count="30" type="cond" truecount="4" falsecount="0"/>
        <line num="42" count="5" type="stmt"/>
        <line num="44" count="25" type="cond" truecount="2" falsecount="0"/>
        <line num="45" count="2" type="stmt"/>
        <line num="47" count="23" type="cond" truecount="2" falsecount="0"/>
        <line num="48" count="4" type="stmt"/>
        <line num="50" count="19" type="cond" truecount="2" falsecount="0"/>
        <line num="51" count="2" type="stmt"/>
        <line num="53" count="17" type="stmt"/>
        <line num="63" count="34" type="cond" truecount="4" falsecount="0"/>
        <line num="64" count="7" type="stmt"/>
        <line num="66" count="27" type="cond" truecount="2" falsecount="0"/>
        <line num="67" count="2" type="stmt"/>
        <line num="69" count="25" type="stmt"/>
        <line num="70" count="25" type="cond" truecount="6" falsecount="0"/>
        <line num="71" count="11" type="stmt"/>
        <line num="73" count="14" type="cond" truecount="6" falsecount="0"/>
        <line num="74" count="10" type="stmt"/>
        <line num="76" count="4" type="stmt"/>
        <line num="85" count="5" type="cond" truecount="2" falsecount="0"/>
        <line num="96" count="6" type="cond" truecount="2" falsecount="0"/>
        <line num="97" count="2" type="stmt"/>
        <line num="99" count="4" type="stmt"/>
        <line num="108" count="3" type="stmt"/>
        <line num="109" count="3" type="stmt"/>
        <line num="111" count="3" type="stmt"/>
        <line num="112" count="7" type="cond" truecount="2" falsecount="0"/>
        <line num="113" count="4" type="stmt"/>
        <line num="115" count="3" type="stmt"/>
        <line num="119" count="3" type="stmt"/>
        <line num="131" count="1" type="stmt"/>
        <line num="148" count="1" type="stmt"/>
        <line num="157" count="11" type="stmt"/>
        <line num="158" count="11" type="cond" truecount="2" falsecount="0"/>
        <line num="159" count="2" type="stmt"/>
        <line num="160" count="2" type="stmt"/>
        <line num="164" count="9" type="stmt"/>
        <line num="165" count="9" type="cond" truecount="2" falsecount="0"/>
        <line num="167" count="9" type="stmt"/>
        <line num="169" count="9" type="stmt"/>
        <line num="170" count="9" type="stmt"/>
        <line num="173" count="9" type="stmt"/>
        <line num="176" count="0" type="stmt"/>
        <line num="177" count="0" type="stmt"/>
        <line num="189" count="4" type="stmt"/>
        <line num="190" count="4" type="cond" truecount="2" falsecount="0"/>
        <line num="191" count="1" type="stmt"/>
        <line num="194" count="3" type="stmt"/>
        <line num="196" count="3" type="stmt"/>
        <line num="197" count="3" type="stmt"/>
        <line num="198" count="3" type="stmt"/>
        <line num="200" count="3" type="stmt"/>
        <line num="201" count="3" type="stmt"/>
        <line num="203" count="0" type="stmt"/>
        <line num="204" count="0" type="stmt"/>
        <line num="215" count="1" type="stmt"/>
        <line num="216" count="1" type="cond" truecount="1" falsecount="1"/>
        <line num="217" count="0" type="stmt"/>
        <line num="220" count="1" type="stmt"/>
        <line num="222" count="1" type="stmt"/>
        <line num="223" count="1" type="stmt"/>
        <line num="225" count="1" type="stmt"/>
        <line num="226" count="1" type="stmt"/>
        <line num="228" count="0" type="stmt"/>
        <line num="229" count="0" type="stmt"/>
        <line num="238" count="1" type="stmt"/>
        <line num="240" count="1" type="stmt"/>
        <line num="242" count="1" type="stmt"/>
        <line num="243" count="1" type="stmt"/>
        <line num="246" count="1" type="stmt"/>
        <line num="247" count="3" type="cond" truecount="2" falsecount="0"/>
        <line num="248" count="2" type="stmt"/>
        <line num="252" count="0" type="stmt"/>
        <line num="255" count="1" type="stmt"/>
        <line num="263" count="0" type="stmt"/>
        <line num="264" count="0" type="stmt"/>
        <line num="272" count="1" type="stmt"/>
        <line num="280" count="1" type="stmt"/>
        <line num="281" count="1" type="cond" truecount="1" falsecount="1"/>
        <line num="282" count="1" type="stmt"/>
        <line num="284" count="1" type="stmt"/>
        <line num="292" count="2" type="stmt"/>
        <line num="300" count="2" type="stmt"/>
        <line num="308" count="3" type="stmt"/>
        <line num="313" count="1" type="cond" truecount="3" falsecount="1"/>
        <line num="314" count="1" type="stmt"/>
      </file>
    </package>
  </project>
</coverage>
