{"/home/runner/work/SCCCCMembershipManagement/SCCCCMembershipManagement/src/common/api/ApiClient.js": {"path":"/home/runner/work/SCCCCMembershipManagement/SCCCCMembershipManagement/src/common/api/ApiClient.js","statementMap":{"0":{"start":{"line":24,"column":0},"end":{"line":24,"column":47}},"1":{"start":{"line":24,"column":35},"end":{"line":24,"column":47}},"2":{"start":{"line":25,"column":0},"end":{"line":25,"column":55}},"3":{"start":{"line":25,"column":39},"end":{"line":25,"column":55}},"4":{"start":{"line":56,"column":0},"end":{"line":279,"column":2}},"5":{"start":{"line":64,"column":21},"end":{"line":67,"column":5}},"6":{"start":{"line":68,"column":4},"end":{"line":70,"column":5}},"7":{"start":{"line":69,"column":6},"end":{"line":69,"column":27}},"8":{"start":{"line":71,"column":4},"end":{"line":71,"column":20}},"9":{"start":{"line":82,"column":21},"end":{"line":86,"column":5}},"10":{"start":{"line":87,"column":4},"end":{"line":89,"column":5}},"11":{"start":{"line":88,"column":6},"end":{"line":88,"column":27}},"12":{"start":{"line":90,"column":4},"end":{"line":90,"column":20}},"13":{"start":{"line":99,"column":4},"end":{"line":101,"column":5}},"14":{"start":{"line":100,"column":6},"end":{"line":100,"column":66}},"15":{"start":{"line":102,"column":4},"end":{"line":104,"column":5}},"16":{"start":{"line":103,"column":6},"end":{"line":103,"column":75}},"17":{"start":{"line":105,"column":4},"end":{"line":107,"column":5}},"18":{"start":{"line":106,"column":6},"end":{"line":106,"column":87}},"19":{"start":{"line":108,"column":4},"end":{"line":108,"column":27}},"20":{"start":{"line":118,"column":20},"end":{"line":118,"column":22}},"21":{"start":{"line":120,"column":4},"end":{"line":124,"column":5}},"22":{"start":{"line":121,"column":6},"end":{"line":123,"column":7}},"23":{"start":{"line":122,"column":8},"end":{"line":122,"column":28}},"24":{"start":{"line":126,"column":4},"end":{"line":128,"column":5}},"25":{"start":{"line":127,"column":6},"end":{"line":127,"column":48}},"26":{"start":{"line":130,"column":4},"end":{"line":130,"column":27}},"27":{"start":{"line":140,"column":4},"end":{"line":142,"column":5}},"28":{"start":{"line":141,"column":6},"end":{"line":141,"column":16}},"29":{"start":{"line":143,"column":16},"end":{"line":143,"column":36}},"30":{"start":{"line":144,"column":4},"end":{"line":146,"column":5}},"31":{"start":{"line":145,"column":6},"end":{"line":145,"column":41}},"32":{"start":{"line":147,"column":4},"end":{"line":147,"column":15}},"33":{"start":{"line":157,"column":19},"end":{"line":157,"column":21}},"34":{"start":{"line":159,"column":4},"end":{"line":169,"column":5}},"35":{"start":{"line":160,"column":24},"end":{"line":160,"column":43}},"36":{"start":{"line":161,"column":6},"end":{"line":168,"column":7}},"37":{"start":{"line":162,"column":8},"end":{"line":162,"column":60}},"38":{"start":{"line":163,"column":13},"end":{"line":168,"column":7}},"39":{"start":{"line":165,"column":8},"end":{"line":165,"column":68}},"40":{"start":{"line":167,"column":8},"end":{"line":167,"column":28}},"41":{"start":{"line":171,"column":4},"end":{"line":171,"column":18}},"42":{"start":{"line":181,"column":4},"end":{"line":185,"column":6}},"43":{"start":{"line":193,"column":22},"end":{"line":193,"column":45}},"44":{"start":{"line":194,"column":19},"end":{"line":194,"column":61}},"45":{"start":{"line":195,"column":4},"end":{"line":195,"column":36}},"46":{"start":{"line":204,"column":4},"end":{"line":204,"column":42}},"47":{"start":{"line":213,"column":4},"end":{"line":217,"column":6}},"48":{"start":{"line":227,"column":20},"end":{"line":227,"column":36}},"49":{"start":{"line":228,"column":4},"end":{"line":230,"column":5}},"50":{"start":{"line":229,"column":6},"end":{"line":229,"column":18}},"51":{"start":{"line":231,"column":4},"end":{"line":231,"column":42}},"52":{"start":{"line":241,"column":20},"end":{"line":241,"column":22}},"53":{"start":{"line":243,"column":4},"end":{"line":252,"column":5}},"54":{"start":{"line":244,"column":6},"end":{"line":246,"column":7}},"55":{"start":{"line":245,"column":8},"end":{"line":245,"column":17}},"56":{"start":{"line":247,"column":6},"end":{"line":251,"column":9}},"57":{"start":{"line":254,"column":4},"end":{"line":254,"column":68}},"58":{"start":{"line":254,"column":34},"end":{"line":254,"column":66}},"59":{"start":{"line":264,"column":19},"end":{"line":267,"column":5}},"60":{"start":{"line":269,"column":4},"end":{"line":275,"column":5}},"61":{"start":{"line":271,"column":6},"end":{"line":271,"column":37}},"62":{"start":{"line":272,"column":6},"end":{"line":272,"column":42}},"63":{"start":{"line":274,"column":6},"end":{"line":274,"column":40}},"64":{"start":{"line":277,"column":4},"end":{"line":277,"column":18}},"65":{"start":{"line":285,"column":0},"end":{"line":433,"column":2}},"66":{"start":{"line":302,"column":4},"end":{"line":306,"column":6}},"67":{"start":{"line":315,"column":20},"end":{"line":318,"column":5}},"68":{"start":{"line":320,"column":4},"end":{"line":390,"column":5}},"69":{"start":{"line":322,"column":25},"end":{"line":322,"column":74}},"70":{"start":{"line":323,"column":6},"end":{"line":328,"column":7}},"71":{"start":{"line":324,"column":8},"end":{"line":327,"column":10}},"72":{"start":{"line":330,"column":21},"end":{"line":330,"column":35}},"73":{"start":{"line":331,"column":21},"end":{"line":331,"column":41}},"74":{"start":{"line":332,"column":20},"end":{"line":332,"column":33}},"75":{"start":{"line":335,"column":28},"end":{"line":335,"column":50}},"76":{"start":{"line":336,"column":6},"end":{"line":344,"column":7}},"77":{"start":{"line":337,"column":8},"end":{"line":343,"column":10}},"78":{"start":{"line":347,"column":6},"end":{"line":372,"column":7}},"79":{"start":{"line":348,"column":8},"end":{"line":356,"column":9}},"80":{"start":{"line":349,"column":10},"end":{"line":355,"column":12}},"81":{"start":{"line":359,"column":22},"end":{"line":359,"column":69}},"82":{"start":{"line":360,"column":8},"end":{"line":368,"column":9}},"83":{"start":{"line":361,"column":10},"end":{"line":367,"column":12}},"84":{"start":{"line":371,"column":8},"end":{"line":371,"column":43}},"85":{"start":{"line":375,"column":21},"end":{"line":375,"column":57}},"86":{"start":{"line":377,"column":6},"end":{"line":377,"column":44}},"87":{"start":{"line":380,"column":6},"end":{"line":380,"column":62}},"88":{"start":{"line":381,"column":6},"end":{"line":381,"column":79}},"89":{"start":{"line":383,"column":6},"end":{"line":389,"column":8}},"90":{"start":{"line":402,"column":4},"end":{"line":402,"column":76}},"91":{"start":{"line":404,"column":4},"end":{"line":404,"column":36}},"92":{"start":{"line":412,"column":20},"end":{"line":412,"column":72}},"93":{"start":{"line":413,"column":4},"end":{"line":415,"column":6}},"94":{"start":{"line":424,"column":4},"end":{"line":424,"column":34}},"95":{"start":{"line":431,"column":4},"end":{"line":431,"column":24}},"96":{"start":{"line":436,"column":0},"end":{"line":441,"column":1}},"97":{"start":{"line":437,"column":2},"end":{"line":440,"column":4}}},"fnMap":{"0":{"name":"(anonymous_0)","decl":{"start":{"line":63,"column":2},"end":{"line":63,"column":3}},"loc":{"start":{"line":63,"column":37},"end":{"line":72,"column":3}},"line":63},"1":{"name":"(anonymous_1)","decl":{"start":{"line":81,"column":2},"end":{"line":81,"column":3}},"loc":{"start":{"line":81,"column":47},"end":{"line":91,"column":3}},"line":81},"2":{"name":"(anonymous_2)","decl":{"start":{"line":98,"column":2},"end":{"line":98,"column":3}},"loc":{"start":{"line":98,"column":34},"end":{"line":109,"column":3}},"line":98},"3":{"name":"(anonymous_3)","decl":{"start":{"line":117,"column":2},"end":{"line":117,"column":3}},"loc":{"start":{"line":117,"column":50},"end":{"line":131,"column":3}},"line":117},"4":{"name":"(anonymous_4)","decl":{"start":{"line":139,"column":2},"end":{"line":139,"column":3}},"loc":{"start":{"line":139,"column":49},"end":{"line":148,"column":3}},"line":139},"5":{"name":"(anonymous_5)","decl":{"start":{"line":156,"column":2},"end":{"line":156,"column":3}},"loc":{"start":{"line":156,"column":45},"end":{"line":172,"column":3}},"line":156},"6":{"name":"(anonymous_6)","decl":{"start":{"line":180,"column":2},"end":{"line":180,"column":3}},"loc":{"start":{"line":180,"column":49},"end":{"line":186,"column":3}},"line":180},"7":{"name":"(anonymous_7)","decl":{"start":{"line":192,"column":2},"end":{"line":192,"column":3}},"loc":{"start":{"line":192,"column":29},"end":{"line":196,"column":3}},"line":192},"8":{"name":"(anonymous_8)","decl":{"start":{"line":203,"column":2},"end":{"line":203,"column":3}},"loc":{"start":{"line":203,"column":37},"end":{"line":205,"column":3}},"line":203},"9":{"name":"(anonymous_9)","decl":{"start":{"line":212,"column":2},"end":{"line":212,"column":3}},"loc":{"start":{"line":212,"column":40},"end":{"line":218,"column":3}},"line":212},"10":{"name":"(anonymous_10)","decl":{"start":{"line":226,"column":2},"end":{"line":226,"column":3}},"loc":{"start":{"line":226,"column":46},"end":{"line":232,"column":3}},"line":226},"11":{"name":"(anonymous_11)","decl":{"start":{"line":240,"column":2},"end":{"line":240,"column":3}},"loc":{"start":{"line":240,"column":55},"end":{"line":255,"column":3}},"line":240},"12":{"name":"(anonymous_12)","decl":{"start":{"line":254,"column":24},"end":{"line":254,"column":25}},"loc":{"start":{"line":254,"column":34},"end":{"line":254,"column":66}},"line":254},"13":{"name":"(anonymous_13)","decl":{"start":{"line":263,"column":2},"end":{"line":263,"column":3}},"loc":{"start":{"line":263,"column":47},"end":{"line":278,"column":3}},"line":263},"14":{"name":"(anonymous_14)","decl":{"start":{"line":301,"column":19},"end":{"line":301,"column":20}},"loc":{"start":{"line":301,"column":59},"end":{"line":307,"column":3}},"line":301},"15":{"name":"(anonymous_15)","decl":{"start":{"line":314,"column":17},"end":{"line":314,"column":18}},"loc":{"start":{"line":314,"column":35},"end":{"line":391,"column":3}},"line":314},"16":{"name":"(anonymous_16)","decl":{"start":{"line":400,"column":12},"end":{"line":400,"column":13}},"loc":{"start":{"line":400,"column":40},"end":{"line":405,"column":3}},"line":400},"17":{"name":"(anonymous_17)","decl":{"start":{"line":411,"column":15},"end":{"line":411,"column":16}},"loc":{"start":{"line":411,"column":26},"end":{"line":416,"column":3}},"line":411},"18":{"name":"(anonymous_18)","decl":{"start":{"line":423,"column":14},"end":{"line":423,"column":15}},"loc":{"start":{"line":423,"column":31},"end":{"line":425,"column":3}},"line":423},"19":{"name":"(anonymous_19)","decl":{"start":{"line":430,"column":17},"end":{"line":430,"column":18}},"loc":{"start":{"line":430,"column":28},"end":{"line":432,"column":3}},"line":430}},"branchMap":{"0":{"loc":{"start":{"line":24,"column":0},"end":{"line":24,"column":47}},"type":"if","locations":[{"start":{"line":24,"column":0},"end":{"line":24,"column":47}},{"start":{},"end":{}}],"line":24},"1":{"loc":{"start":{"line":25,"column":0},"end":{"line":25,"column":55}},"type":"if","locations":[{"start":{"line":25,"column":0},"end":{"line":25,"column":55}},{"start":{},"end":{}}],"line":25},"2":{"loc":{"start":{"line":68,"column":4},"end":{"line":70,"column":5}},"type":"if","locations":[{"start":{"line":68,"column":4},"end":{"line":70,"column":5}},{"start":{},"end":{}}],"line":68},"3":{"loc":{"start":{"line":85,"column":17},"end":{"line":85,"column":37}},"type":"binary-expr","locations":[{"start":{"line":85,"column":17},"end":{"line":85,"column":26}},{"start":{"line":85,"column":30},"end":{"line":85,"column":37}}],"line":85},"4":{"loc":{"start":{"line":87,"column":4},"end":{"line":89,"column":5}},"type":"if","locations":[{"start":{"line":87,"column":4},"end":{"line":89,"column":5}},{"start":{},"end":{}}],"line":87},"5":{"loc":{"start":{"line":99,"column":4},"end":{"line":101,"column":5}},"type":"if","locations":[{"start":{"line":99,"column":4},"end":{"line":101,"column":5}},{"start":{},"end":{}}],"line":99},"6":{"loc":{"start":{"line":99,"column":8},"end":{"line":99,"column":47}},"type":"binary-expr","locations":[{"start":{"line":99,"column":8},"end":{"line":99,"column":16}},{"start":{"line":99,"column":20},"end":{"line":99,"column":47}}],"line":99},"7":{"loc":{"start":{"line":102,"column":4},"end":{"line":104,"column":5}},"type":"if","locations":[{"start":{"line":102,"column":4},"end":{"line":104,"column":5}},{"start":{},"end":{}}],"line":102},"8":{"loc":{"start":{"line":102,"column":8},"end":{"line":102,"column":61}},"type":"binary-expr","locations":[{"start":{"line":102,"column":8},"end":{"line":102,"column":23}},{"start":{"line":102,"column":27},"end":{"line":102,"column":61}}],"line":102},"9":{"loc":{"start":{"line":105,"column":4},"end":{"line":107,"column":5}},"type":"if","locations":[{"start":{"line":105,"column":4},"end":{"line":107,"column":5}},{"start":{},"end":{}}],"line":105},"10":{"loc":{"start":{"line":121,"column":6},"end":{"line":123,"column":7}},"type":"if","locations":[{"start":{"line":121,"column":6},"end":{"line":123,"column":7}},{"start":{},"end":{}}],"line":121},"11":{"loc":{"start":{"line":121,"column":10},"end":{"line":121,"column":87}},"type":"binary-expr","locations":[{"start":{"line":121,"column":10},"end":{"line":121,"column":37}},{"start":{"line":121,"column":41},"end":{"line":121,"column":63}},{"start":{"line":121,"column":67},"end":{"line":121,"column":87}}],"line":121},"12":{"loc":{"start":{"line":126,"column":4},"end":{"line":128,"column":5}},"type":"if","locations":[{"start":{"line":126,"column":4},"end":{"line":128,"column":5}},{"start":{},"end":{}}],"line":126},"13":{"loc":{"start":{"line":139,"column":31},"end":{"line":139,"column":47}},"type":"default-arg","locations":[{"start":{"line":139,"column":43},"end":{"line":139,"column":47}}],"line":139},"14":{"loc":{"start":{"line":140,"column":4},"end":{"line":142,"column":5}},"type":"if","locations":[{"start":{"line":140,"column":4},"end":{"line":142,"column":5}},{"start":{},"end":{}}],"line":140},"15":{"loc":{"start":{"line":140,"column":8},"end":{"line":140,"column":45}},"type":"binary-expr","locations":[{"start":{"line":140,"column":8},"end":{"line":140,"column":22}},{"start":{"line":140,"column":26},"end":{"line":140,"column":45}}],"line":140},"16":{"loc":{"start":{"line":144,"column":4},"end":{"line":146,"column":5}},"type":"if","locations":[{"start":{"line":144,"column":4},"end":{"line":146,"column":5}},{"start":{},"end":{}}],"line":144},"17":{"loc":{"start":{"line":156,"column":32},"end":{"line":156,"column":43}},"type":"default-arg","locations":[{"start":{"line":156,"column":41},"end":{"line":156,"column":43}}],"line":156},"18":{"loc":{"start":{"line":159,"column":46},"end":{"line":159,"column":58}},"type":"binary-expr","locations":[{"start":{"line":159,"column":46},"end":{"line":159,"column":52}},{"start":{"line":159,"column":56},"end":{"line":159,"column":58}}],"line":159},"19":{"loc":{"start":{"line":160,"column":24},"end":{"line":160,"column":43}},"type":"binary-expr","locations":[{"start":{"line":160,"column":24},"end":{"line":160,"column":35}},{"start":{"line":160,"column":39},"end":{"line":160,"column":43}}],"line":160},"20":{"loc":{"start":{"line":161,"column":6},"end":{"line":168,"column":7}},"type":"if","locations":[{"start":{"line":161,"column":6},"end":{"line":168,"column":7}},{"start":{"line":163,"column":13},"end":{"line":168,"column":7}}],"line":161},"21":{"loc":{"start":{"line":163,"column":13},"end":{"line":168,"column":7}},"type":"if","locations":[{"start":{"line":163,"column":13},"end":{"line":168,"column":7}},{"start":{"line":166,"column":13},"end":{"line":168,"column":7}}],"line":163},"22":{"loc":{"start":{"line":163,"column":17},"end":{"line":163,"column":60}},"type":"binary-expr","locations":[{"start":{"line":163,"column":17},"end":{"line":163,"column":42}},{"start":{"line":163,"column":46},"end":{"line":163,"column":60}}],"line":163},"23":{"loc":{"start":{"line":165,"column":49},"end":{"line":165,"column":66}},"type":"binary-expr","locations":[{"start":{"line":165,"column":49},"end":{"line":165,"column":60}},{"start":{"line":165,"column":64},"end":{"line":165,"column":66}}],"line":165},"24":{"loc":{"start":{"line":183,"column":17},"end":{"line":183,"column":54}},"type":"binary-expr","locations":[{"start":{"line":183,"column":17},"end":{"line":183,"column":26}},{"start":{"line":183,"column":30},"end":{"line":183,"column":54}}],"line":183},"25":{"loc":{"start":{"line":228,"column":4},"end":{"line":230,"column":5}},"type":"if","locations":[{"start":{"line":228,"column":4},"end":{"line":230,"column":5}},{"start":{},"end":{}}],"line":228},"26":{"loc":{"start":{"line":240,"column":31},"end":{"line":240,"column":53}},"type":"default-arg","locations":[{"start":{"line":240,"column":48},"end":{"line":240,"column":53}}],"line":240},"27":{"loc":{"start":{"line":244,"column":6},"end":{"line":246,"column":7}},"type":"if","locations":[{"start":{"line":244,"column":6},"end":{"line":246,"column":7}},{"start":{},"end":{}}],"line":244},"28":{"loc":{"start":{"line":244,"column":10},"end":{"line":244,"column":51}},"type":"binary-expr","locations":[{"start":{"line":244,"column":10},"end":{"line":244,"column":25}},{"start":{"line":244,"column":29},"end":{"line":244,"column":51}}],"line":244},"29":{"loc":{"start":{"line":265,"column":15},"end":{"line":265,"column":69}},"type":"cond-expr","locations":[{"start":{"line":265,"column":40},"end":{"line":265,"column":53}},{"start":{"line":265,"column":56},"end":{"line":265,"column":69}}],"line":265},"30":{"loc":{"start":{"line":266,"column":13},"end":{"line":266,"column":61}},"type":"cond-expr","locations":[{"start":{"line":266,"column":38},"end":{"line":266,"column":49}},{"start":{"line":266,"column":52},"end":{"line":266,"column":61}}],"line":266},"31":{"loc":{"start":{"line":269,"column":4},"end":{"line":275,"column":5}},"type":"if","locations":[{"start":{"line":269,"column":4},"end":{"line":275,"column":5}},{"start":{},"end":{}}],"line":269},"32":{"loc":{"start":{"line":301,"column":45},"end":{"line":301,"column":57}},"type":"default-arg","locations":[{"start":{"line":301,"column":55},"end":{"line":301,"column":57}}],"line":301},"33":{"loc":{"start":{"line":316,"column":6},"end":{"line":316,"column":31}},"type":"binary-expr","locations":[{"start":{"line":316,"column":6},"end":{"line":316,"column":13}},{"start":{"line":316,"column":17},"end":{"line":316,"column":31}}],"line":316},"34":{"loc":{"start":{"line":323,"column":6},"end":{"line":328,"column":7}},"type":"if","locations":[{"start":{"line":323,"column":6},"end":{"line":328,"column":7}},{"start":{},"end":{}}],"line":323},"35":{"loc":{"start":{"line":331,"column":21},"end":{"line":331,"column":41}},"type":"binary-expr","locations":[{"start":{"line":331,"column":21},"end":{"line":331,"column":35}},{"start":{"line":331,"column":39},"end":{"line":331,"column":41}}],"line":331},"36":{"loc":{"start":{"line":336,"column":6},"end":{"line":344,"column":7}},"type":"if","locations":[{"start":{"line":336,"column":6},"end":{"line":344,"column":7}},{"start":{},"end":{}}],"line":336},"37":{"loc":{"start":{"line":347,"column":6},"end":{"line":372,"column":7}},"type":"if","locations":[{"start":{"line":347,"column":6},"end":{"line":372,"column":7}},{"start":{},"end":{}}],"line":347},"38":{"loc":{"start":{"line":348,"column":8},"end":{"line":356,"column":9}},"type":"if","locations":[{"start":{"line":348,"column":8},"end":{"line":356,"column":9}},{"start":{},"end":{}}],"line":348},"39":{"loc":{"start":{"line":360,"column":8},"end":{"line":368,"column":9}},"type":"if","locations":[{"start":{"line":360,"column":8},"end":{"line":368,"column":9}},{"start":{},"end":{}}],"line":360},"40":{"loc":{"start":{"line":381,"column":56},"end":{"line":381,"column":76}},"type":"binary-expr","locations":[{"start":{"line":381,"column":56},"end":{"line":381,"column":61}},{"start":{"line":381,"column":65},"end":{"line":381,"column":76}}],"line":381},"41":{"loc":{"start":{"line":436,"column":0},"end":{"line":441,"column":1}},"type":"if","locations":[{"start":{"line":436,"column":0},"end":{"line":441,"column":1}},{"start":{},"end":{}}],"line":436},"42":{"loc":{"start":{"line":436,"column":4},"end":{"line":436,"column":51}},"type":"binary-expr","locations":[{"start":{"line":436,"column":4},"end":{"line":436,"column":33}},{"start":{"line":436,"column":37},"end":{"line":436,"column":51}}],"line":436}},"s":{"0":1,"1":1,"2":1,"3":1,"4":1,"5":5,"6":5,"7":1,"8":5,"9":8,"10":8,"11":1,"12":8,"13":17,"14":4,"15":13,"16":2,"17":11,"18":2,"19":9,"20":5,"21":5,"22":8,"23":4,"24":5,"25":3,"26":2,"27":12,"28":2,"29":10,"30":10,"31":3,"32":7,"33":7,"34":7,"35":8,"36":8,"37":5,"38":3,"39":1,"40":2,"41":7,"42":10,"43":110,"44":110,"45":110,"46":10,"47":9,"48":4,"49":4,"50":1,"51":3,"52":6,"53":6,"54":17,"55":4,"56":13,"57":6,"58":7,"59":3,"60":3,"61":1,"62":1,"63":1,"64":3,"65":1,"66":13,"67":8,"68":8,"69":8,"70":8,"71":1,"72":7,"73":7,"74":7,"75":7,"76":7,"77":1,"78":6,"79":3,"80":1,"81":2,"82":2,"83":1,"84":1,"85":4,"86":3,"87":1,"88":1,"89":1,"90":8,"91":8,"92":1,"93":1,"94":5,"95":15,"96":1,"97":1},"f":{"0":5,"1":8,"2":17,"3":5,"4":12,"5":7,"6":10,"7":110,"8":10,"9":9,"10":4,"11":6,"12":7,"13":3,"14":13,"15":8,"16":8,"17":1,"18":5,"19":15},"b":{"0":[1,0],"1":[1,0],"2":[1,4],"3":[8,1],"4":[1,7],"5":[4,13],"6":[17,14],"7":[2,11],"8":[13,11],"9":[2,9],"10":[4,4],"11":[8,6,5],"12":[3,2],"13":[6],"14":[2,10],"15":[12,11],"16":[3,7],"17":[5],"18":[7,2],"19":[8,7],"20":[5,3],"21":[1,2],"22":[3,1],"23":[1,1],"24":[10,9],"25":[1,3],"26":[5],"27":[4,13],"28":[17,14],"29":[2,1],"30":[2,1],"31":[1,2],"32":[6],"33":[8,7],"34":[1,7],"35":[7,5],"36":[1,6],"37":[3,3],"38":[1,2],"39":[1,1],"40":[1,1],"41":[1,0],"42":[1,1]},"_coverageSchema":"1a1c01bbd47fc00a2c39e90264f33305004495a9","hash":"f1f68e174b11a6f910f58a18db7b57cefa9ce570"}
,"/home/runner/work/SCCCCMembershipManagement/SCCCCMembershipManagement/src/common/auth/VerificationCode.js": {"path":"/home/runner/work/SCCCCMembershipManagement/SCCCCMembershipManagement/src/common/auth/VerificationCode.js","statementMap":{"0":{"start":{"line":22,"column":0},"end":{"line":22,"column":47}},"1":{"start":{"line":22,"column":35},"end":{"line":22,"column":47}},"2":{"start":{"line":23,"column":0},"end":{"line":23,"column":57}},"3":{"start":{"line":23,"column":40},"end":{"line":23,"column":57}},"4":{"start":{"line":62,"column":28},"end":{"line":68,"column":1}},"5":{"start":{"line":76,"column":0},"end":{"line":325,"column":2}},"6":{"start":{"line":87,"column":16},"end":{"line":87,"column":48}},"7":{"start":{"line":89,"column":4},"end":{"line":89,"column":70}},"8":{"start":{"line":98,"column":4},"end":{"line":100,"column":5}},"9":{"start":{"line":99,"column":6},"end":{"line":99,"column":72}},"10":{"start":{"line":101,"column":20},"end":{"line":101,"column":31}},"11":{"start":{"line":102,"column":4},"end":{"line":104,"column":5}},"12":{"start":{"line":103,"column":6},"end":{"line":103,"column":103}},"13":{"start":{"line":105,"column":4},"end":{"line":107,"column":5}},"14":{"start":{"line":106,"column":6},"end":{"line":106,"column":70}},"15":{"start":{"line":108,"column":4},"end":{"line":108,"column":27}},"16":{"start":{"line":117,"column":4},"end":{"line":119,"column":5}},"17":{"start":{"line":118,"column":6},"end":{"line":118,"column":73}},"18":{"start":{"line":120,"column":20},"end":{"line":120,"column":46}},"19":{"start":{"line":122,"column":23},"end":{"line":122,"column":51}},"20":{"start":{"line":123,"column":4},"end":{"line":125,"column":5}},"21":{"start":{"line":124,"column":6},"end":{"line":124,"column":61}},"22":{"start":{"line":126,"column":4},"end":{"line":126,"column":27}},"23":{"start":{"line":136,"column":4},"end":{"line":136,"column":69}},"24":{"start":{"line":146,"column":4},"end":{"line":148,"column":5}},"25":{"start":{"line":147,"column":6},"end":{"line":147,"column":18}},"26":{"start":{"line":149,"column":19},"end":{"line":149,"column":38}},"27":{"start":{"line":150,"column":4},"end":{"line":152,"column":5}},"28":{"start":{"line":151,"column":6},"end":{"line":151,"column":18}},"29":{"start":{"line":153,"column":4},"end":{"line":153,"column":25}},"30":{"start":{"line":163,"column":4},"end":{"line":163,"column":35}},"31":{"start":{"line":175,"column":28},"end":{"line":175,"column":54}},"32":{"start":{"line":176,"column":22},"end":{"line":176,"column":47}},"33":{"start":{"line":178,"column":4},"end":{"line":186,"column":6}},"34":{"start":{"line":198,"column":29},"end":{"line":198,"column":63}},"35":{"start":{"line":199,"column":4},"end":{"line":205,"column":5}},"36":{"start":{"line":200,"column":6},"end":{"line":204,"column":8}},"37":{"start":{"line":208,"column":4},"end":{"line":214,"column":5}},"38":{"start":{"line":209,"column":6},"end":{"line":213,"column":8}},"39":{"start":{"line":217,"column":4},"end":{"line":223,"column":5}},"40":{"start":{"line":218,"column":6},"end":{"line":222,"column":8}},"41":{"start":{"line":226,"column":4},"end":{"line":232,"column":5}},"42":{"start":{"line":227,"column":6},"end":{"line":231,"column":8}},"43":{"start":{"line":235,"column":4},"end":{"line":241,"column":5}},"44":{"start":{"line":236,"column":6},"end":{"line":240,"column":8}},"45":{"start":{"line":244,"column":23},"end":{"line":244,"column":40}},"46":{"start":{"line":245,"column":25},"end":{"line":245,"column":41}},"47":{"start":{"line":248,"column":4},"end":{"line":254,"column":5}},"48":{"start":{"line":249,"column":6},"end":{"line":253,"column":8}},"49":{"start":{"line":257,"column":4},"end":{"line":260,"column":6}},"50":{"start":{"line":270,"column":24},"end":{"line":270,"column":107}},"51":{"start":{"line":273,"column":24},"end":{"line":276,"column":6}},"52":{"start":{"line":274,"column":22},"end":{"line":274,"column":47}},"53":{"start":{"line":275,"column":6},"end":{"line":275,"column":54}},"54":{"start":{"line":278,"column":22},"end":{"line":278,"column":91}},"55":{"start":{"line":280,"column":4},"end":{"line":295,"column":5}},"56":{"start":{"line":282,"column":29},"end":{"line":284,"column":53}},"57":{"start":{"line":283,"column":18},"end":{"line":283,"column":39}},"58":{"start":{"line":284,"column":24},"end":{"line":284,"column":49}},"59":{"start":{"line":286,"column":25},"end":{"line":288,"column":7}},"60":{"start":{"line":290,"column":6},"end":{"line":294,"column":8}},"61":{"start":{"line":297,"column":4},"end":{"line":300,"column":6}},"62":{"start":{"line":310,"column":4},"end":{"line":315,"column":7}},"63":{"start":{"line":311,"column":6},"end":{"line":311,"column":35}},"64":{"start":{"line":311,"column":22},"end":{"line":311,"column":35}},"65":{"start":{"line":312,"column":6},"end":{"line":312,"column":61}},"66":{"start":{"line":312,"column":48},"end":{"line":312,"column":61}},"67":{"start":{"line":313,"column":6},"end":{"line":313,"column":67}},"68":{"start":{"line":313,"column":54},"end":{"line":313,"column":67}},"69":{"start":{"line":314,"column":6},"end":{"line":314,"column":18}},"70":{"start":{"line":323,"column":4},"end":{"line":323,"column":38}},"71":{"start":{"line":331,"column":0},"end":{"line":560,"column":2}},"72":{"start":{"line":346,"column":28},"end":{"line":346,"column":84}},"73":{"start":{"line":347,"column":4},"end":{"line":349,"column":5}},"74":{"start":{"line":348,"column":6},"end":{"line":348,"column":90}},"75":{"start":{"line":351,"column":28},"end":{"line":351,"column":54}},"76":{"start":{"line":352,"column":16},"end":{"line":352,"column":26}},"77":{"start":{"line":354,"column":4},"end":{"line":383,"column":5}},"78":{"start":{"line":356,"column":30},"end":{"line":356,"column":71}},"79":{"start":{"line":359,"column":29},"end":{"line":359,"column":111}},"80":{"start":{"line":360,"column":6},"end":{"line":366,"column":7}},"81":{"start":{"line":361,"column":8},"end":{"line":365,"column":10}},"82":{"start":{"line":369,"column":19},"end":{"line":369,"column":69}},"83":{"start":{"line":372,"column":20},"end":{"line":372,"column":104}},"84":{"start":{"line":375,"column":6},"end":{"line":375,"column":47}},"85":{"start":{"line":377,"column":6},"end":{"line":377,"column":94}},"86":{"start":{"line":379,"column":6},"end":{"line":379,"column":43}},"87":{"start":{"line":381,"column":6},"end":{"line":381,"column":72}},"88":{"start":{"line":382,"column":6},"end":{"line":382,"column":108}},"89":{"start":{"line":394,"column":28},"end":{"line":394,"column":84}},"90":{"start":{"line":395,"column":4},"end":{"line":397,"column":5}},"91":{"start":{"line":396,"column":6},"end":{"line":396,"column":90}},"92":{"start":{"line":399,"column":28},"end":{"line":399,"column":54}},"93":{"start":{"line":400,"column":16},"end":{"line":400,"column":26}},"94":{"start":{"line":402,"column":4},"end":{"line":428,"column":5}},"95":{"start":{"line":404,"column":20},"end":{"line":404,"column":51}},"96":{"start":{"line":407,"column":6},"end":{"line":410,"column":7}},"97":{"start":{"line":408,"column":8},"end":{"line":408,"column":51}},"98":{"start":{"line":409,"column":8},"end":{"line":409,"column":49}},"99":{"start":{"line":413,"column":21},"end":{"line":413,"column":85}},"100":{"start":{"line":415,"column":6},"end":{"line":422,"column":7}},"101":{"start":{"line":417,"column":8},"end":{"line":417,"column":26}},"102":{"start":{"line":418,"column":8},"end":{"line":418,"column":49}},"103":{"start":{"line":419,"column":8},"end":{"line":419,"column":95}},"104":{"start":{"line":421,"column":8},"end":{"line":421,"column":117}},"105":{"start":{"line":424,"column":6},"end":{"line":424,"column":20}},"106":{"start":{"line":426,"column":6},"end":{"line":426,"column":62}},"107":{"start":{"line":427,"column":6},"end":{"line":427,"column":91}},"108":{"start":{"line":439,"column":4},"end":{"line":461,"column":5}},"109":{"start":{"line":440,"column":28},"end":{"line":440,"column":66}},"110":{"start":{"line":441,"column":28},"end":{"line":441,"column":67}},"111":{"start":{"line":443,"column":22},"end":{"line":451,"column":7}},"112":{"start":{"line":454,"column":6},"end":{"line":454,"column":33}},"113":{"start":{"line":455,"column":6},"end":{"line":455,"column":76}},"114":{"start":{"line":457,"column":6},"end":{"line":457,"column":31}},"115":{"start":{"line":459,"column":6},"end":{"line":459,"column":83}},"116":{"start":{"line":460,"column":6},"end":{"line":460,"column":76}},"117":{"start":{"line":473,"column":19},"end":{"line":473,"column":56}},"118":{"start":{"line":474,"column":4},"end":{"line":476,"column":5}},"119":{"start":{"line":475,"column":6},"end":{"line":475,"column":20}},"120":{"start":{"line":479,"column":24},"end":{"line":479,"column":75}},"121":{"start":{"line":480,"column":4},"end":{"line":482,"column":5}},"122":{"start":{"line":481,"column":6},"end":{"line":481,"column":25}},"123":{"start":{"line":485,"column":4},"end":{"line":485,"column":29}},"124":{"start":{"line":493,"column":28},"end":{"line":493,"column":54}},"125":{"start":{"line":494,"column":21},"end":{"line":494,"column":57}},"126":{"start":{"line":496,"column":4},"end":{"line":502,"column":5}},"127":{"start":{"line":497,"column":20},"end":{"line":497,"column":49}},"128":{"start":{"line":498,"column":6},"end":{"line":498,"column":29}},"129":{"start":{"line":499,"column":6},"end":{"line":499,"column":87}},"130":{"start":{"line":501,"column":6},"end":{"line":501,"column":66}},"131":{"start":{"line":512,"column":21},"end":{"line":512,"column":47}},"132":{"start":{"line":514,"column":4},"end":{"line":526,"column":5}},"133":{"start":{"line":515,"column":20},"end":{"line":515,"column":49}},"134":{"start":{"line":516,"column":19},"end":{"line":516,"column":38}},"135":{"start":{"line":518,"column":6},"end":{"line":520,"column":7}},"136":{"start":{"line":519,"column":8},"end":{"line":519,"column":20}},"137":{"start":{"line":522,"column":6},"end":{"line":522,"column":30}},"138":{"start":{"line":524,"column":6},"end":{"line":524,"column":65}},"139":{"start":{"line":525,"column":6},"end":{"line":525,"column":18}},"140":{"start":{"line":536,"column":21},"end":{"line":536,"column":47}},"141":{"start":{"line":538,"column":4},"end":{"line":545,"column":5}},"142":{"start":{"line":539,"column":20},"end":{"line":539,"column":49}},"143":{"start":{"line":541,"column":6},"end":{"line":541,"column":101}},"144":{"start":{"line":543,"column":6},"end":{"line":543,"column":67}},"145":{"start":{"line":544,"column":6},"end":{"line":544,"column":18}},"146":{"start":{"line":557,"column":18},"end":{"line":557,"column":39}},"147":{"start":{"line":558,"column":4},"end":{"line":558,"column":32}},"148":{"start":{"line":563,"column":0},"end":{"line":569,"column":1}},"149":{"start":{"line":564,"column":2},"end":{"line":568,"column":4}}},"fnMap":{"0":{"name":"(anonymous_0)","decl":{"start":{"line":85,"column":2},"end":{"line":85,"column":3}},"loc":{"start":{"line":85,"column":46},"end":{"line":90,"column":3}},"line":85},"1":{"name":"(anonymous_1)","decl":{"start":{"line":97,"column":2},"end":{"line":97,"column":3}},"loc":{"start":{"line":97,"column":34},"end":{"line":109,"column":3}},"line":97},"2":{"name":"(anonymous_2)","decl":{"start":{"line":116,"column":2},"end":{"line":116,"column":3}},"loc":{"start":{"line":116,"column":30},"end":{"line":127,"column":3}},"line":116},"3":{"name":"(anonymous_3)","decl":{"start":{"line":135,"column":2},"end":{"line":135,"column":3}},"loc":{"start":{"line":135,"column":93},"end":{"line":137,"column":3}},"line":135},"4":{"name":"(anonymous_4)","decl":{"start":{"line":145,"column":2},"end":{"line":145,"column":3}},"loc":{"start":{"line":145,"column":48},"end":{"line":154,"column":3}},"line":145},"5":{"name":"(anonymous_5)","decl":{"start":{"line":162,"column":2},"end":{"line":162,"column":3}},"loc":{"start":{"line":162,"column":102},"end":{"line":164,"column":3}},"line":162},"6":{"name":"(anonymous_6)","decl":{"start":{"line":174,"column":2},"end":{"line":174,"column":3}},"loc":{"start":{"line":174,"column":73},"end":{"line":187,"column":3}},"line":174},"7":{"name":"(anonymous_7)","decl":{"start":{"line":196,"column":2},"end":{"line":196,"column":3}},"loc":{"start":{"line":196,"column":56},"end":{"line":261,"column":3}},"line":196},"8":{"name":"(anonymous_8)","decl":{"start":{"line":269,"column":2},"end":{"line":269,"column":3}},"loc":{"start":{"line":269,"column":69},"end":{"line":301,"column":3}},"line":269},"9":{"name":"(anonymous_9)","decl":{"start":{"line":273,"column":47},"end":{"line":273,"column":48}},"loc":{"start":{"line":273,"column":56},"end":{"line":276,"column":5}},"line":273},"10":{"name":"(anonymous_10)","decl":{"start":{"line":283,"column":13},"end":{"line":283,"column":14}},"loc":{"start":{"line":283,"column":18},"end":{"line":283,"column":39}},"line":283},"11":{"name":"(anonymous_11)","decl":{"start":{"line":284,"column":14},"end":{"line":284,"column":15}},"loc":{"start":{"line":284,"column":24},"end":{"line":284,"column":49}},"line":284},"12":{"name":"(anonymous_12)","decl":{"start":{"line":309,"column":2},"end":{"line":309,"column":3}},"loc":{"start":{"line":309,"column":56},"end":{"line":316,"column":3}},"line":309},"13":{"name":"(anonymous_13)","decl":{"start":{"line":310,"column":26},"end":{"line":310,"column":27}},"loc":{"start":{"line":310,"column":35},"end":{"line":315,"column":5}},"line":310},"14":{"name":"(anonymous_14)","decl":{"start":{"line":322,"column":2},"end":{"line":322,"column":3}},"loc":{"start":{"line":322,"column":21},"end":{"line":324,"column":3}},"line":322},"15":{"name":"(anonymous_15)","decl":{"start":{"line":344,"column":20},"end":{"line":344,"column":21}},"loc":{"start":{"line":344,"column":45},"end":{"line":384,"column":3}},"line":344},"16":{"name":"(anonymous_16)","decl":{"start":{"line":392,"column":10},"end":{"line":392,"column":11}},"loc":{"start":{"line":392,"column":32},"end":{"line":429,"column":3}},"line":392},"17":{"name":"(anonymous_17)","decl":{"start":{"line":438,"column":17},"end":{"line":438,"column":18}},"loc":{"start":{"line":438,"column":52},"end":{"line":462,"column":3}},"line":438},"18":{"name":"(anonymous_18)","decl":{"start":{"line":471,"column":15},"end":{"line":471,"column":16}},"loc":{"start":{"line":471,"column":53},"end":{"line":486,"column":3}},"line":471},"19":{"name":"(anonymous_19)","decl":{"start":{"line":492,"column":14},"end":{"line":492,"column":15}},"loc":{"start":{"line":492,"column":30},"end":{"line":503,"column":3}},"line":492},"20":{"name":"(anonymous_20)","decl":{"start":{"line":511,"column":13},"end":{"line":511,"column":14}},"loc":{"start":{"line":511,"column":29},"end":{"line":527,"column":3}},"line":511},"21":{"name":"(anonymous_21)","decl":{"start":{"line":535,"column":15},"end":{"line":535,"column":16}},"loc":{"start":{"line":535,"column":38},"end":{"line":546,"column":3}},"line":535},"22":{"name":"(anonymous_22)","decl":{"start":{"line":554,"column":23},"end":{"line":554,"column":24}},"loc":{"start":{"line":554,"column":39},"end":{"line":559,"column":3}},"line":554}},"branchMap":{"0":{"loc":{"start":{"line":22,"column":0},"end":{"line":22,"column":47}},"type":"if","locations":[{"start":{"line":22,"column":0},"end":{"line":22,"column":47}},{"start":{},"end":{}}],"line":22},"1":{"loc":{"start":{"line":23,"column":0},"end":{"line":23,"column":57}},"type":"if","locations":[{"start":{"line":23,"column":0},"end":{"line":23,"column":57}},{"start":{},"end":{}}],"line":23},"2":{"loc":{"start":{"line":85,"column":22},"end":{"line":85,"column":44}},"type":"default-arg","locations":[{"start":{"line":85,"column":33},"end":{"line":85,"column":44}}],"line":85},"3":{"loc":{"start":{"line":98,"column":4},"end":{"line":100,"column":5}},"type":"if","locations":[{"start":{"line":98,"column":4},"end":{"line":100,"column":5}},{"start":{},"end":{}}],"line":98},"4":{"loc":{"start":{"line":98,"column":8},"end":{"line":98,"column":41}},"type":"binary-expr","locations":[{"start":{"line":98,"column":8},"end":{"line":98,"column":13}},{"start":{"line":98,"column":17},"end":{"line":98,"column":41}}],"line":98},"5":{"loc":{"start":{"line":102,"column":4},"end":{"line":104,"column":5}},"type":"if","locations":[{"start":{"line":102,"column":4},"end":{"line":104,"column":5}},{"start":{},"end":{}}],"line":102},"6":{"loc":{"start":{"line":105,"column":4},"end":{"line":107,"column":5}},"type":"if","locations":[{"start":{"line":105,"column":4},"end":{"line":107,"column":5}},{"start":{},"end":{}}],"line":105},"7":{"loc":{"start":{"line":117,"column":4},"end":{"line":119,"column":5}},"type":"if","locations":[{"start":{"line":117,"column":4},"end":{"line":119,"column":5}},{"start":{},"end":{}}],"line":117},"8":{"loc":{"start":{"line":117,"column":8},"end":{"line":117,"column":43}},"type":"binary-expr","locations":[{"start":{"line":117,"column":8},"end":{"line":117,"column":14}},{"start":{"line":117,"column":18},"end":{"line":117,"column":43}}],"line":117},"9":{"loc":{"start":{"line":123,"column":4},"end":{"line":125,"column":5}},"type":"if","locations":[{"start":{"line":123,"column":4},"end":{"line":125,"column":5}},{"start":{},"end":{}}],"line":123},"10":{"loc":{"start":{"line":135,"column":36},"end":{"line":135,"column":91}},"type":"default-arg","locations":[{"start":{"line":135,"column":52},"end":{"line":135,"column":91}}],"line":135},"11":{"loc":{"start":{"line":145,"column":30},"end":{"line":145,"column":46}},"type":"default-arg","locations":[{"start":{"line":145,"column":36},"end":{"line":145,"column":46}}],"line":145},"12":{"loc":{"start":{"line":146,"column":4},"end":{"line":148,"column":5}},"type":"if","locations":[{"start":{"line":146,"column":4},"end":{"line":148,"column":5}},{"start":{},"end":{}}],"line":146},"13":{"loc":{"start":{"line":150,"column":4},"end":{"line":152,"column":5}},"type":"if","locations":[{"start":{"line":150,"column":4},"end":{"line":152,"column":5}},{"start":{},"end":{}}],"line":150},"14":{"loc":{"start":{"line":162,"column":41},"end":{"line":162,"column":100}},"type":"default-arg","locations":[{"start":{"line":162,"column":55},"end":{"line":162,"column":100}}],"line":162},"15":{"loc":{"start":{"line":174,"column":34},"end":{"line":174,"column":50}},"type":"default-arg","locations":[{"start":{"line":174,"column":40},"end":{"line":174,"column":50}}],"line":174},"16":{"loc":{"start":{"line":174,"column":52},"end":{"line":174,"column":71}},"type":"default-arg","locations":[{"start":{"line":174,"column":62},"end":{"line":174,"column":71}}],"line":174},"17":{"loc":{"start":{"line":196,"column":38},"end":{"line":196,"column":54}},"type":"default-arg","locations":[{"start":{"line":196,"column":44},"end":{"line":196,"column":54}}],"line":196},"18":{"loc":{"start":{"line":199,"column":4},"end":{"line":205,"column":5}},"type":"if","locations":[{"start":{"line":199,"column":4},"end":{"line":205,"column":5}},{"start":{},"end":{}}],"line":199},"19":{"loc":{"start":{"line":208,"column":4},"end":{"line":214,"column":5}},"type":"if","locations":[{"start":{"line":208,"column":4},"end":{"line":214,"column":5}},{"start":{},"end":{}}],"line":208},"20":{"loc":{"start":{"line":217,"column":4},"end":{"line":223,"column":5}},"type":"if","locations":[{"start":{"line":217,"column":4},"end":{"line":223,"column":5}},{"start":{},"end":{}}],"line":217},"21":{"loc":{"start":{"line":226,"column":4},"end":{"line":232,"column":5}},"type":"if","locations":[{"start":{"line":226,"column":4},"end":{"line":232,"column":5}},{"start":{},"end":{}}],"line":226},"22":{"loc":{"start":{"line":235,"column":4},"end":{"line":241,"column":5}},"type":"if","locations":[{"start":{"line":235,"column":4},"end":{"line":241,"column":5}},{"start":{},"end":{}}],"line":235},"23":{"loc":{"start":{"line":248,"column":4},"end":{"line":254,"column":5}},"type":"if","locations":[{"start":{"line":248,"column":4},"end":{"line":254,"column":5}},{"start":{},"end":{}}],"line":248},"24":{"loc":{"start":{"line":269,"column":51},"end":{"line":269,"column":67}},"type":"default-arg","locations":[{"start":{"line":269,"column":57},"end":{"line":269,"column":67}}],"line":269},"25":{"loc":{"start":{"line":275,"column":13},"end":{"line":275,"column":53}},"type":"binary-expr","locations":[{"start":{"line":275,"column":13},"end":{"line":275,"column":35}},{"start":{"line":275,"column":39},"end":{"line":275,"column":53}}],"line":275},"26":{"loc":{"start":{"line":280,"column":4},"end":{"line":295,"column":5}},"type":"if","locations":[{"start":{"line":280,"column":4},"end":{"line":295,"column":5}},{"start":{},"end":{}}],"line":280},"27":{"loc":{"start":{"line":309,"column":38},"end":{"line":309,"column":54}},"type":"default-arg","locations":[{"start":{"line":309,"column":44},"end":{"line":309,"column":54}}],"line":309},"28":{"loc":{"start":{"line":311,"column":6},"end":{"line":311,"column":35}},"type":"if","locations":[{"start":{"line":311,"column":6},"end":{"line":311,"column":35}},{"start":{},"end":{}}],"line":311},"29":{"loc":{"start":{"line":312,"column":6},"end":{"line":312,"column":61}},"type":"if","locations":[{"start":{"line":312,"column":6},"end":{"line":312,"column":61}},{"start":{},"end":{}}],"line":312},"30":{"loc":{"start":{"line":313,"column":6},"end":{"line":313,"column":67}},"type":"if","locations":[{"start":{"line":313,"column":6},"end":{"line":313,"column":67}},{"start":{},"end":{}}],"line":313},"31":{"loc":{"start":{"line":347,"column":4},"end":{"line":349,"column":5}},"type":"if","locations":[{"start":{"line":347,"column":4},"end":{"line":349,"column":5}},{"start":{},"end":{}}],"line":347},"32":{"loc":{"start":{"line":360,"column":6},"end":{"line":366,"column":7}},"type":"if","locations":[{"start":{"line":360,"column":6},"end":{"line":366,"column":7}},{"start":{},"end":{}}],"line":360},"33":{"loc":{"start":{"line":395,"column":4},"end":{"line":397,"column":5}},"type":"if","locations":[{"start":{"line":395,"column":4},"end":{"line":397,"column":5}},{"start":{},"end":{}}],"line":395},"34":{"loc":{"start":{"line":407,"column":6},"end":{"line":410,"column":7}},"type":"if","locations":[{"start":{"line":407,"column":6},"end":{"line":410,"column":7}},{"start":{},"end":{}}],"line":407},"35":{"loc":{"start":{"line":407,"column":10},"end":{"line":407,"column":30}},"type":"binary-expr","locations":[{"start":{"line":407,"column":10},"end":{"line":407,"column":15}},{"start":{"line":407,"column":19},"end":{"line":407,"column":30}}],"line":407},"36":{"loc":{"start":{"line":408,"column":26},"end":{"line":408,"column":45}},"type":"binary-expr","locations":[{"start":{"line":408,"column":26},"end":{"line":408,"column":40}},{"start":{"line":408,"column":44},"end":{"line":408,"column":45}}],"line":408},"37":{"loc":{"start":{"line":415,"column":6},"end":{"line":422,"column":7}},"type":"if","locations":[{"start":{"line":415,"column":6},"end":{"line":422,"column":7}},{"start":{"line":420,"column":13},"end":{"line":422,"column":7}}],"line":415},"38":{"loc":{"start":{"line":474,"column":4},"end":{"line":476,"column":5}},"type":"if","locations":[{"start":{"line":474,"column":4},"end":{"line":476,"column":5}},{"start":{},"end":{}}],"line":474},"39":{"loc":{"start":{"line":480,"column":4},"end":{"line":482,"column":5}},"type":"if","locations":[{"start":{"line":480,"column":4},"end":{"line":482,"column":5}},{"start":{},"end":{}}],"line":480},"40":{"loc":{"start":{"line":518,"column":6},"end":{"line":520,"column":7}},"type":"if","locations":[{"start":{"line":518,"column":6},"end":{"line":520,"column":7}},{"start":{},"end":{}}],"line":518},"41":{"loc":{"start":{"line":558,"column":11},"end":{"line":558,"column":31}},"type":"cond-expr","locations":[{"start":{"line":558,"column":19},"end":{"line":558,"column":26}},{"start":{"line":558,"column":29},"end":{"line":558,"column":31}}],"line":558},"42":{"loc":{"start":{"line":563,"column":0},"end":{"line":569,"column":1}},"type":"if","locations":[{"start":{"line":563,"column":0},"end":{"line":569,"column":1}},{"start":{},"end":{}}],"line":563},"43":{"loc":{"start":{"line":563,"column":4},"end":{"line":563,"column":51}},"type":"binary-expr","locations":[{"start":{"line":563,"column":4},"end":{"line":563,"column":33}},{"start":{"line":563,"column":37},"end":{"line":563,"column":51}}],"line":563}},"s":{"0":1,"1":1,"2":1,"3":1,"4":1,"5":1,"6":113,"7":113,"8":26,"9":3,"10":23,"11":23,"12":3,"13":20,"14":2,"15":18,"16":27,"17":2,"18":25,"19":25,"20":25,"21":5,"22":20,"23":14,"24":23,"25":3,"26":20,"27":20,"28":1,"29":19,"30":21,"31":12,"32":12,"33":12,"34":15,"35":15,"36":1,"37":14,"38":1,"39":13,"40":2,"41":11,"42":1,"43":10,"44":1,"45":9,"46":9,"47":9,"48":4,"49":5,"50":14,"51":14,"52":9,"53":9,"54":14,"55":14,"56":1,"57":5,"58":4,"59":1,"60":1,"61":13,"62":3,"63":6,"64":1,"65":5,"66":1,"67":4,"68":1,"69":3,"70":3,"71":1,"72":11,"73":11,"74":1,"75":10,"76":10,"77":10,"78":10,"79":10,"80":10,"81":0,"82":10,"83":10,"84":10,"85":10,"86":10,"87":0,"88":0,"89":8,"90":8,"91":1,"92":7,"93":7,"94":7,"95":7,"96":7,"97":6,"98":6,"99":7,"100":7,"101":3,"102":3,"103":3,"104":4,"105":7,"106":0,"107":0,"108":3,"109":3,"110":3,"111":3,"112":3,"113":2,"114":2,"115":1,"116":1,"117":1,"118":1,"119":0,"120":1,"121":1,"122":0,"123":1,"124":2,"125":2,"126":2,"127":2,"128":2,"129":2,"130":0,"131":17,"132":17,"133":17,"134":17,"135":17,"136":10,"137":7,"138":0,"139":0,"140":19,"141":19,"142":19,"143":19,"144":0,"145":0,"146":10,"147":10,"148":1,"149":1},"f":{"0":113,"1":26,"2":27,"3":14,"4":23,"5":21,"6":12,"7":15,"8":14,"9":9,"10":5,"11":4,"12":3,"13":6,"14":3,"15":11,"16":8,"17":3,"18":1,"19":2,"20":17,"21":19,"22":10},"b":{"0":[1,0],"1":[1,0],"2":[111],"3":[3,23],"4":[26,23],"5":[3,20],"6":[2,18],"7":[2,25],"8":[27,25],"9":[5,20],"10":[13],"11":[6],"12":[3,20],"13":[1,19],"14":[19],"15":[1],"16":[11],"17":[3],"18":[1,14],"19":[1,13],"20":[2,11],"21":[1,10],"22":[1,9],"23":[4,5],"24":[1],"25":[9,8],"26":[1,13],"27":[0],"28":[1,5],"29":[1,4],"30":[1,3],"31":[1,10],"32":[0,10],"33":[1,7],"34":[6,1],"35":[7,7],"36":[6,5],"37":[3,4],"38":[0,1],"39":[0,1],"40":[10,7],"41":[0,10],"42":[1,0],"43":[1,1]},"_coverageSchema":"1a1c01bbd47fc00a2c39e90264f33305004495a9","hash":"b1e92476df83eaa861d79bfea2344760466a05a6"}
,"/home/runner/work/SCCCCMembershipManagement/SCCCCMembershipManagement/src/common/config/FeatureFlags.js": {"path":"/home/runner/work/SCCCCMembershipManagement/SCCCCMembershipManagement/src/common/config/FeatureFlags.js","statementMap":{"0":{"start":{"line":18,"column":0},"end":{"line":18,"column":47}},"1":{"start":{"line":18,"column":35},"end":{"line":18,"column":47}},"2":{"start":{"line":19,"column":0},"end":{"line":19,"column":61}},"3":{"start":{"line":19,"column":42},"end":{"line":19,"column":61}},"4":{"start":{"line":34,"column":0},"end":{"line":125,"column":2}},"5":{"start":{"line":41,"column":4},"end":{"line":43,"column":5}},"6":{"start":{"line":42,"column":6},"end":{"line":42,"column":77}},"7":{"start":{"line":44,"column":4},"end":{"line":46,"column":5}},"8":{"start":{"line":45,"column":6},"end":{"line":45,"column":90}},"9":{"start":{"line":47,"column":4},"end":{"line":49,"column":5}},"10":{"start":{"line":48,"column":6},"end":{"line":48,"column":110}},"11":{"start":{"line":50,"column":4},"end":{"line":52,"column":5}},"12":{"start":{"line":51,"column":6},"end":{"line":51,"column":82}},"13":{"start":{"line":53,"column":4},"end":{"line":53,"column":27}},"14":{"start":{"line":63,"column":4},"end":{"line":65,"column":5}},"15":{"start":{"line":64,"column":6},"end":{"line":64,"column":26}},"16":{"start":{"line":66,"column":4},"end":{"line":68,"column":5}},"17":{"start":{"line":67,"column":6},"end":{"line":67,"column":19}},"18":{"start":{"line":69,"column":21},"end":{"line":69,"column":55}},"19":{"start":{"line":70,"column":4},"end":{"line":72,"column":5}},"20":{"start":{"line":71,"column":6},"end":{"line":71,"column":18}},"21":{"start":{"line":73,"column":4},"end":{"line":75,"column":5}},"22":{"start":{"line":74,"column":6},"end":{"line":74,"column":19}},"23":{"start":{"line":76,"column":4},"end":{"line":76,"column":24}},"24":{"start":{"line":85,"column":4},"end":{"line":85,"column":36}},"25":{"start":{"line":96,"column":4},"end":{"line":98,"column":5}},"26":{"start":{"line":97,"column":6},"end":{"line":97,"column":18}},"27":{"start":{"line":99,"column":4},"end":{"line":99,"column":21}},"28":{"start":{"line":108,"column":20},"end":{"line":108,"column":22}},"29":{"start":{"line":109,"column":21},"end":{"line":109,"column":23}},"30":{"start":{"line":111,"column":4},"end":{"line":117,"column":5}},"31":{"start":{"line":112,"column":6},"end":{"line":116,"column":7}},"32":{"start":{"line":113,"column":8},"end":{"line":113,"column":27}},"33":{"start":{"line":115,"column":8},"end":{"line":115,"column":28}},"34":{"start":{"line":119,"column":4},"end":{"line":123,"column":6}},"35":{"start":{"line":131,"column":20},"end":{"line":142,"column":1}},"36":{"start":{"line":148,"column":0},"end":{"line":310,"column":2}},"37":{"start":{"line":157,"column":23},"end":{"line":157,"column":83}},"38":{"start":{"line":158,"column":4},"end":{"line":161,"column":5}},"39":{"start":{"line":159,"column":6},"end":{"line":159,"column":103}},"40":{"start":{"line":160,"column":6},"end":{"line":160,"column":26}},"41":{"start":{"line":164,"column":22},"end":{"line":164,"column":43}},"42":{"start":{"line":165,"column":29},"end":{"line":165,"column":78}},"43":{"start":{"line":167,"column":4},"end":{"line":178,"column":5}},"44":{"start":{"line":169,"column":20},"end":{"line":169,"column":59}},"45":{"start":{"line":170,"column":20},"end":{"line":170,"column":47}},"46":{"start":{"line":173,"column":6},"end":{"line":173,"column":85}},"47":{"start":{"line":176,"column":6},"end":{"line":176,"column":91}},"48":{"start":{"line":177,"column":6},"end":{"line":177,"column":30}},"49":{"start":{"line":189,"column":23},"end":{"line":189,"column":83}},"50":{"start":{"line":190,"column":4},"end":{"line":192,"column":5}},"51":{"start":{"line":191,"column":6},"end":{"line":191,"column":57}},"52":{"start":{"line":194,"column":4},"end":{"line":205,"column":5}},"53":{"start":{"line":196,"column":20},"end":{"line":196,"column":59}},"54":{"start":{"line":197,"column":27},"end":{"line":197,"column":84}},"55":{"start":{"line":198,"column":6},"end":{"line":198,"column":48}},"56":{"start":{"line":200,"column":6},"end":{"line":200,"column":82}},"57":{"start":{"line":201,"column":6},"end":{"line":201,"column":31}},"58":{"start":{"line":203,"column":6},"end":{"line":203,"column":89}},"59":{"start":{"line":204,"column":6},"end":{"line":204,"column":54}},"60":{"start":{"line":215,"column":23},"end":{"line":215,"column":83}},"61":{"start":{"line":216,"column":4},"end":{"line":218,"column":5}},"62":{"start":{"line":217,"column":6},"end":{"line":217,"column":57}},"63":{"start":{"line":220,"column":4},"end":{"line":230,"column":5}},"64":{"start":{"line":222,"column":20},"end":{"line":222,"column":59}},"65":{"start":{"line":223,"column":6},"end":{"line":223,"column":37}},"66":{"start":{"line":225,"column":6},"end":{"line":225,"column":66}},"67":{"start":{"line":226,"column":6},"end":{"line":226,"column":31}},"68":{"start":{"line":228,"column":6},"end":{"line":228,"column":93}},"69":{"start":{"line":229,"column":6},"end":{"line":229,"column":54}},"70":{"start":{"line":238,"column":18},"end":{"line":238,"column":20}},"71":{"start":{"line":240,"column":4},"end":{"line":253,"column":5}},"72":{"start":{"line":242,"column":20},"end":{"line":242,"column":59}},"73":{"start":{"line":243,"column":23},"end":{"line":243,"column":44}},"74":{"start":{"line":246,"column":6},"end":{"line":250,"column":7}},"75":{"start":{"line":247,"column":8},"end":{"line":249,"column":9}},"76":{"start":{"line":248,"column":10},"end":{"line":248,"column":84}},"77":{"start":{"line":252,"column":6},"end":{"line":252,"column":77}},"78":{"start":{"line":255,"column":4},"end":{"line":255,"column":17}},"79":{"start":{"line":263,"column":18},"end":{"line":263,"column":36}},"80":{"start":{"line":264,"column":4},"end":{"line":264,"column":67}},"81":{"start":{"line":272,"column":4},"end":{"line":272,"column":54}},"82":{"start":{"line":280,"column":19},"end":{"line":280,"column":62}},"83":{"start":{"line":281,"column":4},"end":{"line":283,"column":5}},"84":{"start":{"line":282,"column":6},"end":{"line":282,"column":99}},"85":{"start":{"line":284,"column":4},"end":{"line":284,"column":18}},"86":{"start":{"line":292,"column":4},"end":{"line":292,"column":57}},"87":{"start":{"line":300,"column":4},"end":{"line":300,"column":53}},"88":{"start":{"line":308,"column":4},"end":{"line":308,"column":30}},"89":{"start":{"line":313,"column":0},"end":{"line":318,"column":1}},"90":{"start":{"line":314,"column":2},"end":{"line":317,"column":4}}},"fnMap":{"0":{"name":"(anonymous_0)","decl":{"start":{"line":40,"column":2},"end":{"line":40,"column":3}},"loc":{"start":{"line":40,"column":36},"end":{"line":54,"column":3}},"line":40},"1":{"name":"(anonymous_1)","decl":{"start":{"line":62,"column":2},"end":{"line":62,"column":3}},"loc":{"start":{"line":62,"column":43},"end":{"line":77,"column":3}},"line":62},"2":{"name":"(anonymous_2)","decl":{"start":{"line":84,"column":2},"end":{"line":84,"column":3}},"loc":{"start":{"line":84,"column":33},"end":{"line":86,"column":3}},"line":84},"3":{"name":"(anonymous_3)","decl":{"start":{"line":95,"column":2},"end":{"line":95,"column":3}},"loc":{"start":{"line":95,"column":76},"end":{"line":100,"column":3}},"line":95},"4":{"name":"(anonymous_4)","decl":{"start":{"line":107,"column":2},"end":{"line":107,"column":3}},"loc":{"start":{"line":107,"column":31},"end":{"line":124,"column":3}},"line":107},"5":{"name":"(anonymous_5)","decl":{"start":{"line":155,"column":13},"end":{"line":155,"column":14}},"loc":{"start":{"line":155,"column":54},"end":{"line":179,"column":3}},"line":155},"6":{"name":"(anonymous_6)","decl":{"start":{"line":187,"column":11},"end":{"line":187,"column":12}},"loc":{"start":{"line":187,"column":37},"end":{"line":206,"column":3}},"line":187},"7":{"name":"(anonymous_7)","decl":{"start":{"line":213,"column":14},"end":{"line":213,"column":15}},"loc":{"start":{"line":213,"column":33},"end":{"line":231,"column":3}},"line":213},"8":{"name":"(anonymous_8)","decl":{"start":{"line":237,"column":15},"end":{"line":237,"column":16}},"loc":{"start":{"line":237,"column":26},"end":{"line":256,"column":3}},"line":237},"9":{"name":"(anonymous_9)","decl":{"start":{"line":262,"column":14},"end":{"line":262,"column":15}},"loc":{"start":{"line":262,"column":25},"end":{"line":265,"column":3}},"line":262},"10":{"name":"(anonymous_10)","decl":{"start":{"line":271,"column":17},"end":{"line":271,"column":18}},"loc":{"start":{"line":271,"column":28},"end":{"line":273,"column":3}},"line":271},"11":{"name":"(anonymous_11)","decl":{"start":{"line":279,"column":21},"end":{"line":279,"column":22}},"loc":{"start":{"line":279,"column":32},"end":{"line":285,"column":3}},"line":279},"12":{"name":"(anonymous_12)","decl":{"start":{"line":291,"column":20},"end":{"line":291,"column":21}},"loc":{"start":{"line":291,"column":31},"end":{"line":293,"column":3}},"line":291},"13":{"name":"(anonymous_13)","decl":{"start":{"line":299,"column":20},"end":{"line":299,"column":21}},"loc":{"start":{"line":299,"column":31},"end":{"line":301,"column":3}},"line":299},"14":{"name":"(anonymous_14)","decl":{"start":{"line":307,"column":17},"end":{"line":307,"column":18}},"loc":{"start":{"line":307,"column":28},"end":{"line":309,"column":3}},"line":307}},"branchMap":{"0":{"loc":{"start":{"line":18,"column":0},"end":{"line":18,"column":47}},"type":"if","locations":[{"start":{"line":18,"column":0},"end":{"line":18,"column":47}},{"start":{},"end":{}}],"line":18},"1":{"loc":{"start":{"line":19,"column":0},"end":{"line":19,"column":61}},"type":"if","locations":[{"start":{"line":19,"column":0},"end":{"line":19,"column":61}},{"start":{},"end":{}}],"line":19},"2":{"loc":{"start":{"line":41,"column":4},"end":{"line":43,"column":5}},"type":"if","locations":[{"start":{"line":41,"column":4},"end":{"line":43,"column":5}},{"start":{},"end":{}}],"line":41},"3":{"loc":{"start":{"line":41,"column":8},"end":{"line":41,"column":49}},"type":"binary-expr","locations":[{"start":{"line":41,"column":8},"end":{"line":41,"column":17}},{"start":{"line":41,"column":21},"end":{"line":41,"column":49}}],"line":41},"4":{"loc":{"start":{"line":44,"column":4},"end":{"line":46,"column":5}},"type":"if","locations":[{"start":{"line":44,"column":4},"end":{"line":46,"column":5}},{"start":{},"end":{}}],"line":44},"5":{"loc":{"start":{"line":47,"column":4},"end":{"line":49,"column":5}},"type":"if","locations":[{"start":{"line":47,"column":4},"end":{"line":49,"column":5}},{"start":{},"end":{}}],"line":47},"6":{"loc":{"start":{"line":50,"column":4},"end":{"line":52,"column":5}},"type":"if","locations":[{"start":{"line":50,"column":4},"end":{"line":52,"column":5}},{"start":{},"end":{}}],"line":50},"7":{"loc":{"start":{"line":63,"column":4},"end":{"line":65,"column":5}},"type":"if","locations":[{"start":{"line":63,"column":4},"end":{"line":65,"column":5}},{"start":{},"end":{}}],"line":63},"8":{"loc":{"start":{"line":63,"column":8},"end":{"line":63,"column":45}},"type":"binary-expr","locations":[{"start":{"line":63,"column":8},"end":{"line":63,"column":22}},{"start":{"line":63,"column":26},"end":{"line":63,"column":45}}],"line":63},"9":{"loc":{"start":{"line":66,"column":4},"end":{"line":68,"column":5}},"type":"if","locations":[{"start":{"line":66,"column":4},"end":{"line":68,"column":5}},{"start":{},"end":{}}],"line":66},"10":{"loc":{"start":{"line":70,"column":4},"end":{"line":72,"column":5}},"type":"if","locations":[{"start":{"line":70,"column":4},"end":{"line":72,"column":5}},{"start":{},"end":{}}],"line":70},"11":{"loc":{"start":{"line":70,"column":8},"end":{"line":70,"column":90}},"type":"binary-expr","locations":[{"start":{"line":70,"column":8},"end":{"line":70,"column":27}},{"start":{"line":70,"column":31},"end":{"line":70,"column":47}},{"start":{"line":70,"column":51},"end":{"line":70,"column":69}},{"start":{"line":70,"column":73},"end":{"line":70,"column":90}}],"line":70},"12":{"loc":{"start":{"line":73,"column":4},"end":{"line":75,"column":5}},"type":"if","locations":[{"start":{"line":73,"column":4},"end":{"line":75,"column":5}},{"start":{},"end":{}}],"line":73},"13":{"loc":{"start":{"line":73,"column":8},"end":{"line":73,"column":91}},"type":"binary-expr","locations":[{"start":{"line":73,"column":8},"end":{"line":73,"column":28}},{"start":{"line":73,"column":32},"end":{"line":73,"column":48}},{"start":{"line":73,"column":52},"end":{"line":73,"column":69}},{"start":{"line":73,"column":73},"end":{"line":73,"column":91}}],"line":73},"14":{"loc":{"start":{"line":85,"column":11},"end":{"line":85,"column":35}},"type":"cond-expr","locations":[{"start":{"line":85,"column":19},"end":{"line":85,"column":25}},{"start":{"line":85,"column":28},"end":{"line":85,"column":35}}],"line":85},"15":{"loc":{"start":{"line":95,"column":54},"end":{"line":95,"column":74}},"type":"default-arg","locations":[{"start":{"line":95,"column":69},"end":{"line":95,"column":74}}],"line":95},"16":{"loc":{"start":{"line":96,"column":4},"end":{"line":98,"column":5}},"type":"if","locations":[{"start":{"line":96,"column":4},"end":{"line":98,"column":5}},{"start":{},"end":{}}],"line":96},"17":{"loc":{"start":{"line":112,"column":6},"end":{"line":116,"column":7}},"type":"if","locations":[{"start":{"line":112,"column":6},"end":{"line":116,"column":7}},{"start":{"line":114,"column":13},"end":{"line":116,"column":7}}],"line":112},"18":{"loc":{"start":{"line":155,"column":32},"end":{"line":155,"column":52}},"type":"default-arg","locations":[{"start":{"line":155,"column":47},"end":{"line":155,"column":52}}],"line":155},"19":{"loc":{"start":{"line":158,"column":4},"end":{"line":161,"column":5}},"type":"if","locations":[{"start":{"line":158,"column":4},"end":{"line":161,"column":5}},{"start":{},"end":{}}],"line":158},"20":{"loc":{"start":{"line":165,"column":29},"end":{"line":165,"column":78}},"type":"cond-expr","locations":[{"start":{"line":165,"column":41},"end":{"line":165,"column":63}},{"start":{"line":165,"column":66},"end":{"line":165,"column":78}}],"line":165},"21":{"loc":{"start":{"line":190,"column":4},"end":{"line":192,"column":5}},"type":"if","locations":[{"start":{"line":190,"column":4},"end":{"line":192,"column":5}},{"start":{},"end":{}}],"line":190},"22":{"loc":{"start":{"line":216,"column":4},"end":{"line":218,"column":5}},"type":"if","locations":[{"start":{"line":216,"column":4},"end":{"line":218,"column":5}},{"start":{},"end":{}}],"line":216},"23":{"loc":{"start":{"line":247,"column":8},"end":{"line":249,"column":9}},"type":"if","locations":[{"start":{"line":247,"column":8},"end":{"line":249,"column":9}},{"start":{},"end":{}}],"line":247},"24":{"loc":{"start":{"line":281,"column":4},"end":{"line":283,"column":5}},"type":"if","locations":[{"start":{"line":281,"column":4},"end":{"line":283,"column":5}},{"start":{},"end":{}}],"line":281},"25":{"loc":{"start":{"line":313,"column":0},"end":{"line":318,"column":1}},"type":"if","locations":[{"start":{"line":313,"column":0},"end":{"line":318,"column":1}},{"start":{},"end":{}}],"line":313},"26":{"loc":{"start":{"line":313,"column":4},"end":{"line":313,"column":51}},"type":"binary-expr","locations":[{"start":{"line":313,"column":4},"end":{"line":313,"column":33}},{"start":{"line":313,"column":37},"end":{"line":313,"column":51}}],"line":313}},"s":{"0":1,"1":1,"2":1,"3":1,"4":1,"5":30,"6":5,"7":25,"8":2,"9":23,"10":4,"11":19,"12":2,"13":17,"14":34,"15":7,"16":27,"17":2,"18":25,"19":25,"20":11,"21":14,"22":10,"23":4,"24":5,"25":6,"26":2,"27":4,"28":3,"29":3,"30":3,"31":7,"32":4,"33":3,"34":3,"35":1,"36":1,"37":11,"38":11,"39":2,"40":2,"41":9,"42":9,"43":9,"44":9,"45":9,"46":9,"47":0,"48":0,"49":4,"50":4,"51":1,"52":3,"53":3,"54":3,"55":3,"56":3,"57":3,"58":0,"59":0,"60":1,"61":1,"62":0,"63":1,"64":1,"65":1,"66":1,"67":1,"68":0,"69":0,"70":1,"71":1,"72":1,"73":1,"74":1,"75":3,"76":2,"77":0,"78":1,"79":0,"80":0,"81":1,"82":1,"83":1,"84":1,"85":1,"86":2,"87":2,"88":3,"89":1,"90":1},"f":{"0":30,"1":34,"2":5,"3":6,"4":3,"5":11,"6":4,"7":1,"8":1,"9":0,"10":1,"11":1,"12":2,"13":2,"14":3},"b":{"0":[1,0],"1":[1,0],"2":[5,25],"3":[30,26],"4":[2,23],"5":[4,19],"6":[2,17],"7":[7,27],"8":[34,29],"9":[2,25],"10":[11,14],"11":[25,17,16,15],"12":[10,4],"13":[14,7,6,5],"14":[3,2],"15":[4],"16":[2,4],"17":[4,3],"18":[3],"19":[2,9],"20":[5,4],"21":[1,3],"22":[0,1],"23":[2,1],"24":[1,0],"25":[1,0],"26":[1,1]},"_coverageSchema":"1a1c01bbd47fc00a2c39e90264f33305004495a9","hash":"06e622054aac4422f47fe1fd431a30386dc6d30a"}
}
