TN:
SF:src/common/api/ApiClient.js
FN:63,(anonymous_0)
FN:81,(anonymous_1)
FN:98,(anonymous_2)
FN:117,(anonymous_3)
FN:139,(anonymous_4)
FN:156,(anonymous_5)
FN:180,(anonymous_6)
FN:192,(anonymous_7)
FN:203,(anonymous_8)
FN:212,(anonymous_9)
FN:226,(anonymous_10)
FN:240,(anonymous_11)
FN:254,(anonymous_12)
FN:263,(anonymous_13)
FN:301,(anonymous_14)
FN:314,(anonymous_15)
FN:400,(anonymous_16)
FN:411,(anonymous_17)
FN:423,(anonymous_18)
FN:430,(anonymous_19)
FNF:20
FNH:20
FNDA:5,(anonymous_0)
FNDA:8,(anonymous_1)
FNDA:17,(anonymous_2)
FNDA:5,(anonymous_3)
FNDA:12,(anonymous_4)
FNDA:7,(anonymous_5)
FNDA:10,(anonymous_6)
FNDA:110,(anonymous_7)
FNDA:10,(anonymous_8)
FNDA:9,(anonymous_9)
FNDA:4,(anonymous_10)
FNDA:6,(anonymous_11)
FNDA:7,(anonymous_12)
FNDA:3,(anonymous_13)
FNDA:13,(anonymous_14)
FNDA:8,(anonymous_15)
FNDA:8,(anonymous_16)
FNDA:1,(anonymous_17)
FNDA:5,(anonymous_18)
FNDA:15,(anonymous_19)
DA:24,1
DA:25,1
DA:56,1
DA:64,5
DA:68,5
DA:69,1
DA:71,5
DA:82,8
DA:87,8
DA:88,1
DA:90,8
DA:99,17
DA:100,4
DA:102,13
DA:103,2
DA:105,11
DA:106,2
DA:108,9
DA:118,5
DA:120,5
DA:121,8
DA:122,4
DA:126,5
DA:127,3
DA:130,2
DA:140,12
DA:141,2
DA:143,10
DA:144,10
DA:145,3
DA:147,7
DA:157,7
DA:159,7
DA:160,8
DA:161,8
DA:162,5
DA:163,3
DA:165,1
DA:167,2
DA:171,7
DA:181,10
DA:193,110
DA:194,110
DA:195,110
DA:204,10
DA:213,9
DA:227,4
DA:228,4
DA:229,1
DA:231,3
DA:241,6
DA:243,6
DA:244,17
DA:245,4
DA:247,13
DA:254,7
DA:264,3
DA:269,3
DA:271,1
DA:272,1
DA:274,1
DA:277,3
DA:285,1
DA:302,13
DA:315,8
DA:320,8
DA:322,8
DA:323,8
DA:324,1
DA:330,7
DA:331,7
DA:332,7
DA:335,7
DA:336,7
DA:337,1
DA:347,6
DA:348,3
DA:349,1
DA:359,2
DA:360,2
DA:361,1
DA:371,1
DA:375,4
DA:377,3
DA:380,1
DA:381,1
DA:383,1
DA:402,8
DA:404,8
DA:412,1
DA:413,1
DA:424,5
DA:431,15
DA:436,1
DA:437,1
LF:95
LH:95
BRDA:24,0,0,1
BRDA:24,0,1,0
BRDA:25,1,0,1
BRDA:25,1,1,0
BRDA:68,2,0,1
BRDA:68,2,1,4
BRDA:85,3,0,8
BRDA:85,3,1,1
BRDA:87,4,0,1
BRDA:87,4,1,7
BRDA:99,5,0,4
BRDA:99,5,1,13
BRDA:99,6,0,17
BRDA:99,6,1,14
BRDA:102,7,0,2
BRDA:102,7,1,11
BRDA:102,8,0,13
BRDA:102,8,1,11
BRDA:105,9,0,2
BRDA:105,9,1,9
BRDA:121,10,0,4
BRDA:121,10,1,4
BRDA:121,11,0,8
BRDA:121,11,1,6
BRDA:121,11,2,5
BRDA:126,12,0,3
BRDA:126,12,1,2
BRDA:139,13,0,6
BRDA:140,14,0,2
BRDA:140,14,1,10
BRDA:140,15,0,12
BRDA:140,15,1,11
BRDA:144,16,0,3
BRDA:144,16,1,7
BRDA:156,17,0,5
BRDA:159,18,0,7
BRDA:159,18,1,2
BRDA:160,19,0,8
BRDA:160,19,1,7
BRDA:161,20,0,5
BRDA:161,20,1,3
BRDA:163,21,0,1
BRDA:163,21,1,2
BRDA:163,22,0,3
BRDA:163,22,1,1
BRDA:165,23,0,1
BRDA:165,23,1,1
BRDA:183,24,0,10
BRDA:183,24,1,9
BRDA:228,25,0,1
BRDA:228,25,1,3
BRDA:240,26,0,5
BRDA:244,27,0,4
BRDA:244,27,1,13
BRDA:244,28,0,17
BRDA:244,28,1,14
BRDA:265,29,0,2
BRDA:265,29,1,1
BRDA:266,30,0,2
BRDA:266,30,1,1
BRDA:269,31,0,1
BRDA:269,31,1,2
BRDA:301,32,0,6
BRDA:316,33,0,8
BRDA:316,33,1,7
BRDA:323,34,0,1
BRDA:323,34,1,7
BRDA:331,35,0,7
BRDA:331,35,1,5
BRDA:336,36,0,1
BRDA:336,36,1,6
BRDA:347,37,0,3
BRDA:347,37,1,3
BRDA:348,38,0,1
BRDA:348,38,1,2
BRDA:360,39,0,1
BRDA:360,39,1,1
BRDA:381,40,0,1
BRDA:381,40,1,1
BRDA:436,41,0,1
BRDA:436,41,1,0
BRDA:436,42,0,1
BRDA:436,42,1,1
BRF:83
BRH:80
end_of_record
TN:
SF:src/common/auth/VerificationCode.js
FN:85,(anonymous_0)
FN:97,(anonymous_1)
FN:116,(anonymous_2)
FN:135,(anonymous_3)
FN:145,(anonymous_4)
FN:162,(anonymous_5)
FN:174,(anonymous_6)
FN:196,(anonymous_7)
FN:269,(anonymous_8)
FN:273,(anonymous_9)
FN:283,(anonymous_10)
FN:284,(anonymous_11)
FN:309,(anonymous_12)
FN:310,(anonymous_13)
FN:322,(anonymous_14)
FN:344,(anonymous_15)
FN:392,(anonymous_16)
FN:438,(anonymous_17)
FN:471,(anonymous_18)
FN:492,(anonymous_19)
FN:511,(anonymous_20)
FN:535,(anonymous_21)
FN:554,(anonymous_22)
FNF:23
FNH:23
FNDA:113,(anonymous_0)
FNDA:26,(anonymous_1)
FNDA:27,(anonymous_2)
FNDA:14,(anonymous_3)
FNDA:23,(anonymous_4)
FNDA:21,(anonymous_5)
FNDA:12,(anonymous_6)
FNDA:15,(anonymous_7)
FNDA:14,(anonymous_8)
FNDA:9,(anonymous_9)
FNDA:5,(anonymous_10)
FNDA:4,(anonymous_11)
FNDA:3,(anonymous_12)
FNDA:6,(anonymous_13)
FNDA:3,(anonymous_14)
FNDA:11,(anonymous_15)
FNDA:8,(anonymous_16)
FNDA:3,(anonymous_17)
FNDA:1,(anonymous_18)
FNDA:2,(anonymous_19)
FNDA:17,(anonymous_20)
FNDA:19,(anonymous_21)
FNDA:10,(anonymous_22)
DA:22,1
DA:23,1
DA:62,1
DA:76,1
DA:87,113
DA:89,113
DA:98,26
DA:99,3
DA:101,23
DA:102,23
DA:103,3
DA:105,20
DA:106,2
DA:108,18
DA:117,27
DA:118,2
DA:120,25
DA:122,25
DA:123,25
DA:124,5
DA:126,20
DA:136,14
DA:146,23
DA:147,3
DA:149,20
DA:150,20
DA:151,1
DA:153,19
DA:163,21
DA:175,12
DA:176,12
DA:178,12
DA:198,15
DA:199,15
DA:200,1
DA:208,14
DA:209,1
DA:217,13
DA:218,2
DA:226,11
DA:227,1
DA:235,10
DA:236,1
DA:244,9
DA:245,9
DA:248,9
DA:249,4
DA:257,5
DA:270,14
DA:273,14
DA:274,9
DA:275,9
DA:278,14
DA:280,14
DA:282,1
DA:283,5
DA:284,4
DA:286,1
DA:290,1
DA:297,13
DA:310,3
DA:311,6
DA:312,5
DA:313,4
DA:314,3
DA:323,3
DA:331,1
DA:346,11
DA:347,11
DA:348,1
DA:351,10
DA:352,10
DA:354,10
DA:356,10
DA:359,10
DA:360,10
DA:361,0
DA:369,10
DA:372,10
DA:375,10
DA:377,10
DA:379,10
DA:381,0
DA:382,0
DA:394,8
DA:395,8
DA:396,1
DA:399,7
DA:400,7
DA:402,7
DA:404,7
DA:407,7
DA:408,6
DA:409,6
DA:413,7
DA:415,7
DA:417,3
DA:418,3
DA:419,3
DA:421,4
DA:424,7
DA:426,0
DA:427,0
DA:439,3
DA:440,3
DA:441,3
DA:443,3
DA:454,3
DA:455,2
DA:457,2
DA:459,1
DA:460,1
DA:473,1
DA:474,1
DA:475,0
DA:479,1
DA:480,1
DA:481,0
DA:485,1
DA:493,2
DA:494,2
DA:496,2
DA:497,2
DA:498,2
DA:499,2
DA:501,0
DA:512,17
DA:514,17
DA:515,17
DA:516,17
DA:518,17
DA:519,10
DA:522,7
DA:524,0
DA:525,0
DA:536,19
DA:538,19
DA:539,19
DA:541,19
DA:543,0
DA:544,0
DA:557,10
DA:558,10
DA:563,1
DA:564,1
LF:145
LH:133
BRDA:22,0,0,1
BRDA:22,0,1,0
BRDA:23,1,0,1
BRDA:23,1,1,0
BRDA:85,2,0,111
BRDA:98,3,0,3
BRDA:98,3,1,23
BRDA:98,4,0,26
BRDA:98,4,1,23
BRDA:102,5,0,3
BRDA:102,5,1,20
BRDA:105,6,0,2
BRDA:105,6,1,18
BRDA:117,7,0,2
BRDA:117,7,1,25
BRDA:117,8,0,27
BRDA:117,8,1,25
BRDA:123,9,0,5
BRDA:123,9,1,20
BRDA:135,10,0,13
BRDA:145,11,0,6
BRDA:146,12,0,3
BRDA:146,12,1,20
BRDA:150,13,0,1
BRDA:150,13,1,19
BRDA:162,14,0,19
BRDA:174,15,0,1
BRDA:174,16,0,11
BRDA:196,17,0,3
BRDA:199,18,0,1
BRDA:199,18,1,14
BRDA:208,19,0,1
BRDA:208,19,1,13
BRDA:217,20,0,2
BRDA:217,20,1,11
BRDA:226,21,0,1
BRDA:226,21,1,10
BRDA:235,22,0,1
BRDA:235,22,1,9
BRDA:248,23,0,4
BRDA:248,23,1,5
BRDA:269,24,0,1
BRDA:275,25,0,9
BRDA:275,25,1,8
BRDA:280,26,0,1
BRDA:280,26,1,13
BRDA:309,27,0,0
BRDA:311,28,0,1
BRDA:311,28,1,5
BRDA:312,29,0,1
BRDA:312,29,1,4
BRDA:313,30,0,1
BRDA:313,30,1,3
BRDA:347,31,0,1
BRDA:347,31,1,10
BRDA:360,32,0,0
BRDA:360,32,1,10
BRDA:395,33,0,1
BRDA:395,33,1,7
BRDA:407,34,0,6
BRDA:407,34,1,1
BRDA:407,35,0,7
BRDA:407,35,1,7
BRDA:408,36,0,6
BRDA:408,36,1,5
BRDA:415,37,0,3
BRDA:415,37,1,4
BRDA:474,38,0,0
BRDA:474,38,1,1
BRDA:480,39,0,0
BRDA:480,39,1,1
BRDA:518,40,0,10
BRDA:518,40,1,7
BRDA:558,41,0,0
BRDA:558,41,1,10
BRDA:563,42,0,1
BRDA:563,42,1,0
BRDA:563,43,0,1
BRDA:563,43,1,1
BRF:79
BRH:71
end_of_record
TN:
SF:src/common/config/FeatureFlags.js
FN:40,(anonymous_0)
FN:62,(anonymous_1)
FN:84,(anonymous_2)
FN:95,(anonymous_3)
FN:107,(anonymous_4)
FN:155,(anonymous_5)
FN:187,(anonymous_6)
FN:213,(anonymous_7)
FN:237,(anonymous_8)
FN:262,(anonymous_9)
FN:271,(anonymous_10)
FN:279,(anonymous_11)
FN:291,(anonymous_12)
FN:299,(anonymous_13)
FN:307,(anonymous_14)
FNF:15
FNH:14
FNDA:30,(anonymous_0)
FNDA:34,(anonymous_1)
FNDA:5,(anonymous_2)
FNDA:6,(anonymous_3)
FNDA:3,(anonymous_4)
FNDA:11,(anonymous_5)
FNDA:4,(anonymous_6)
FNDA:1,(anonymous_7)
FNDA:1,(anonymous_8)
FNDA:0,(anonymous_9)
FNDA:1,(anonymous_10)
FNDA:1,(anonymous_11)
FNDA:2,(anonymous_12)
FNDA:2,(anonymous_13)
FNDA:3,(anonymous_14)
DA:18,1
DA:19,1
DA:34,1
DA:41,30
DA:42,5
DA:44,25
DA:45,2
DA:47,23
DA:48,4
DA:50,19
DA:51,2
DA:53,17
DA:63,34
DA:64,7
DA:66,27
DA:67,2
DA:69,25
DA:70,25
DA:71,11
DA:73,14
DA:74,10
DA:76,4
DA:85,5
DA:96,6
DA:97,2
DA:99,4
DA:108,3
DA:109,3
DA:111,3
DA:112,7
DA:113,4
DA:115,3
DA:119,3
DA:131,1
DA:148,1
DA:157,11
DA:158,11
DA:159,2
DA:160,2
DA:164,9
DA:165,9
DA:167,9
DA:169,9
DA:170,9
DA:173,9
DA:176,0
DA:177,0
DA:189,4
DA:190,4
DA:191,1
DA:194,3
DA:196,3
DA:197,3
DA:198,3
DA:200,3
DA:201,3
DA:203,0
DA:204,0
DA:215,1
DA:216,1
DA:217,0
DA:220,1
DA:222,1
DA:223,1
DA:225,1
DA:226,1
DA:228,0
DA:229,0
DA:238,1
DA:240,1
DA:242,1
DA:243,1
DA:246,1
DA:247,3
DA:248,2
DA:252,0
DA:255,1
DA:263,0
DA:264,0
DA:272,1
DA:280,1
DA:281,1
DA:282,1
DA:284,1
DA:292,2
DA:300,2
DA:308,3
DA:313,1
DA:314,1
LF:89
LH:79
BRDA:18,0,0,1
BRDA:18,0,1,0
BRDA:19,1,0,1
BRDA:19,1,1,0
BRDA:41,2,0,5
BRDA:41,2,1,25
BRDA:41,3,0,30
BRDA:41,3,1,26
BRDA:44,4,0,2
BRDA:44,4,1,23
BRDA:47,5,0,4
BRDA:47,5,1,19
BRDA:50,6,0,2
BRDA:50,6,1,17
BRDA:63,7,0,7
BRDA:63,7,1,27
BRDA:63,8,0,34
BRDA:63,8,1,29
BRDA:66,9,0,2
BRDA:66,9,1,25
BRDA:70,10,0,11
BRDA:70,10,1,14
BRDA:70,11,0,25
BRDA:70,11,1,17
BRDA:70,11,2,16
BRDA:70,11,3,15
BRDA:73,12,0,10
BRDA:73,12,1,4
BRDA:73,13,0,14
BRDA:73,13,1,7
BRDA:73,13,2,6
BRDA:73,13,3,5
BRDA:85,14,0,3
BRDA:85,14,1,2
BRDA:95,15,0,4
BRDA:96,16,0,2
BRDA:96,16,1,4
BRDA:112,17,0,4
BRDA:112,17,1,3
BRDA:155,18,0,3
BRDA:158,19,0,2
BRDA:158,19,1,9
BRDA:165,20,0,5
BRDA:165,20,1,4
BRDA:190,21,0,1
BRDA:190,21,1,3
BRDA:216,22,0,0
BRDA:216,22,1,1
BRDA:247,23,0,2
BRDA:247,23,1,1
BRDA:281,24,0,1
BRDA:281,24,1,0
BRDA:313,25,0,1
BRDA:313,25,1,0
BRDA:313,26,0,1
BRDA:313,26,1,1
BRF:56
BRH:51
end_of_record
